-------------------------------------------------------------------------------
Test set: net.originmobi.pdv.service.VendaServiceTest
-------------------------------------------------------------------------------
Tests run: 1, Failures: 0, Errors: 1, Skipped: 0, Time elapsed: 0 s <<< FAILURE! - in net.originmobi.pdv.service.VendaServiceTest
deveRetornarCodigoNaoNulo_seVendaNova(net.originmobi.pdv.service.VendaServiceTest)  Time elapsed: 0 s  <<< ERROR!
java.lang.NullPointerException
	at net.originmobi.pdv.service.VendaServiceTest.deveRetornarCodigoNaoNulo_seVendaNova(VendaServiceTest.java:14)

