-------------------------------------------------------------------------------
Test set: net.originmobi.pdv.PdvApplicationTests
-------------------------------------------------------------------------------
Tests run: 1, Failures: 0, Errors: 1, Skipped: 0, Time elapsed: 6.87 s <<< FAILURE! - in net.originmobi.pdv.PdvApplicationTests
contextLoads(net.originmobi.pdv.PdvApplicationTests)  Time elapsed: 0 s  <<< ERROR!
java.lang.IllegalStateException: Failed to load ApplicationContext
Caused by: org.springframework.beans.factory.BeanCreationException: Error creating bean with name 'org.springframework.security.config.annotation.web.configuration.WebSecurityConfiguration': Injection of autowired dependencies failed; nested exception is java.lang.IllegalStateException: @Order on WebSecurityConfigurers must be unique. Order of 100 was already used on net.originmobi.pdv.security.TestSecurityConfig$$EnhancerBySpringCGLIB$$32193eda@1fc0d9b4, so it cannot be used on net.originmobi.pdv.security.SecurityConfig$$EnhancerBySpringCGLIB$$e1f79368@7bbd76b8 too.
Caused by: java.lang.IllegalStateException: @Order on WebSecurityConfigurers must be unique. Order of 100 was already used on net.originmobi.pdv.security.TestSecurityConfig$$EnhancerBySpringCGLIB$$32193eda@1fc0d9b4, so it cannot be used on net.originmobi.pdv.security.SecurityConfig$$EnhancerBySpringCGLIB$$e1f79368@7bbd76b8 too.

