<?xml version="1.0" encoding="UTF-8"?>
<testsuite xmlns:xsi="http://www.w3.org/2001/XMLSchema-instance" xsi:noNamespaceSchemaLocation="https://maven.apache.org/surefire/maven-surefire-plugin/xsd/surefire-test-report.xsd" name="net.originmobi.pdv.PdvApplicationTests" time="6.87" tests="1" errors="1" skipped="0" failures="0">
  <properties>
[...]
</properties>
  <testcase name="contextLoads" classname="net.originmobi.pdv.PdvApplicationTests" time="0">
    <error message="Failed to load ApplicationContext" type="java.lang.IllegalStateException">java.lang.IllegalStateException: Failed to load ApplicationContext
Caused by: org.springframework.beans.factory.BeanCreationException: Error creating bean with name 'org.springframework.security.config.annotation.web.configuration.WebSecurityConfiguration': Injection of autowired dependencies failed; nested exception is java.lang.IllegalStateException: @Order on WebSecurityConfigurers must be unique. Order of 100 was already used on net.originmobi.pdv.security.TestSecurityConfig$$EnhancerBySpringCGLIB$$32193eda@1fc0d9b4, so it cannot be used on net.originmobi.pdv.security.SecurityConfig$$EnhancerBySpringCGLIB$$e1f79368@7bbd76b8 too.
Caused by: java.lang.IllegalStateException: @Order on WebSecurityConfigurers must be unique. Order of 100 was already used on net.originmobi.pdv.security.TestSecurityConfig$$EnhancerBySpringCGLIB$$32193eda@1fc0d9b4, so it cannot be used on net.originmobi.pdv.security.SecurityConfig$$EnhancerBySpringCGLIB$$e1f79368@7bbd76b8 too.
</error>
    <system-out><![CDATA[17:59:37.446 [main] DEBUG org.springframework.test.context.junit4.SpringJUnit4ClassRunner - SpringJUnit4ClassRunner constructor called with [class net.originmobi.pdv.PdvApplicationTests]
17:59:37.461 [main] DEBUG org.springframework.test.context.BootstrapUtils - Instantiating CacheAwareContextLoaderDelegate from class [org.springframework.test.context.cache.DefaultCacheAwareContextLoaderDelegate]
17:59:37.461 [main] DEBUG org.springframework.test.context.BootstrapUtils - Instantiating BootstrapContext using constructor [public org.springframework.test.context.support.DefaultBootstrapContext(java.lang.Class,org.springframework.test.context.CacheAwareContextLoaderDelegate)]
17:59:37.480 [main] DEBUG org.springframework.test.context.BootstrapUtils - Instantiating TestContextBootstrapper for test class [net.originmobi.pdv.PdvApplicationTests] from class [org.springframework.boot.test.context.SpringBootTestContextBootstrapper]
17:59:37.493 [main] DEBUG org.springframework.test.context.support.AbstractContextLoader - Did not detect default resource location for test class [net.originmobi.pdv.PdvApplicationTests]: class path resource [net/originmobi/pdv/PdvApplicationTests-context.xml] does not exist
17:59:37.493 [main] DEBUG org.springframework.test.context.support.AbstractContextLoader - Did not detect default resource location for test class [net.originmobi.pdv.PdvApplicationTests]: class path resource [net/originmobi/pdv/PdvApplicationTestsContext.groovy] does not exist
17:59:37.493 [main] INFO org.springframework.test.context.support.AbstractContextLoader - Could not detect default resource locations for test class [net.originmobi.pdv.PdvApplicationTests]: no resource found for suffixes {-context.xml, Context.groovy}.
17:59:37.524 [main] DEBUG org.springframework.test.context.support.ActiveProfilesUtils - Could not find an 'annotation declaring class' for annotation type [org.springframework.test.context.ActiveProfiles] and class [net.originmobi.pdv.PdvApplicationTests]
17:59:37.540 [main] DEBUG org.springframework.core.env.StandardEnvironment - Adding PropertySource 'systemProperties' with lowest search precedence
17:59:37.540 [main] DEBUG org.springframework.core.env.StandardEnvironment - Adding PropertySource 'systemEnvironment' with lowest search precedence
17:59:37.540 [main] DEBUG org.springframework.core.env.StandardEnvironment - Initialized StandardEnvironment with PropertySources [MapPropertySource@1256440269 {name='systemProperties', properties={java.runtime.name=Java(TM) SE Runtime Environment, sun.boot.library.path=C:\Program Files\Java\jdk1.8.0_202\jre\bin, java.vm.version=25.202-b08, java.vm.vendor=Oracle Corporation, java.vendor.url=http://java.oracle.com/, path.separator=;, java.vm.name=Java HotSpot(TM) 64-Bit Server VM, file.encoding.pkg=sun.io, user.country=BR, user.script=, sun.java.launcher=SUN_STANDARD, sun.os.patch.level=, java.vm.specification.name=Java Virtual Machine Specification, user.dir=C:\Users\lnata\projetos\pdv, java.runtime.version=1.8.0_202-b08, basedir=C:\Users\lnata\projetos\pdv, java.awt.graphicsenv=sun.awt.Win32GraphicsEnvironment, java.endorsed.dirs=C:\Program Files\Java\jdk1.8.0_202\jre\lib\endorsed, os.arch=amd64, surefire.real.class.path=C:\Users\lnata\AppData\Local\Temp\surefire6987295932592062545\surefirebooter7606162314282194658.jar, java.io.tmpdir=C:\Users\lnata\AppData\Local\Temp\, line.separator=
, java.vm.specification.vendor=Oracle Corporation, user.variant=, os.name=Windows 10, sun.jnu.encoding=Cp1252, java.library.path=C:\Program Files\Java\jdk1.8.0_202\jre\bin;C:\WINDOWS\Sun\Java\bin;C:\WINDOWS\system32;C:\WINDOWS;C:\Users\lnata\bin;C:\Program Files\Git\mingw64\bin;C:\Program Files\Git\usr\local\bin;C:\Program Files\Git\usr\bin;C:\Program Files\Git\usr\bin;C:\Program Files\Git\mingw64\bin;C:\Program Files\Git\usr\bin;C:\Users\lnata\bin;C:\Program Files (x86)\Common Files\Oracle\Java\javapath;C:\Program Files\Common Files\Oracle\Java\javapath;C:\WINDOWS\system32;C:\WINDOWS;C:\WINDOWS\System32\Wbem;C:\WINDOWS\System32\WindowsPowerShell\v1.0;C:\WINDOWS\System32\OpenSSH;C:\Program Files\Git\cmd;C:\Program Files\Calibre2;C:\Program Files\dotnet;C:\Users\lnata\AppData\Local\Programs\Python\Python311\Scripts;C:\Users\lnata\AppData\Local\Programs\Python\Python311;C:\Program Files\Docker\Docker\resources\bin;C:\Users\lnata\.cargo\bin;C:\Program Files\MySQL\MySQL Shell 8.0\bin;C:\Users\lnata\AppData\Local\Microsoft\WindowsApps;C:\Users\lnata\AppData\Local\Programs\Microsoft VS Code\bin;C:\Program Files\apache-maven-3.8.7\bin;C:\Users\lnata\AppData\Local\Programs\Python\Python311\Scripts;C:\Program Files\JetBrains\PyCharm 2023.1\bin;C:\Program Files\Git\usr\bin\vendor_perl;C:\Program Files\Git\usr\bin\core_perl;., surefire.test.class.path=C:\Users\lnata\projetos\pdv\target\test-classes;C:\Users\lnata\projetos\pdv\target\classes;C:\Users\lnata\.m2\repository\org\springframework\boot\spring-boot-starter-data-jpa\2.0.2.RELEASE\spring-boot-starter-data-jpa-2.0.2.RELEASE.jar;C:\Users\lnata\.m2\repository\org\springframework\boot\spring-boot-starter\2.0.2.RELEASE\spring-boot-starter-2.0.2.RELEASE.jar;C:\Users\lnata\.m2\repository\org\springframework\boot\spring-boot-starter-logging\2.0.2.RELEASE\spring-boot-starter-logging-2.0.2.RELEASE.jar;C:\Users\lnata\.m2\repository\ch\qos\logback\logback-classic\1.2.3\logback-classic-1.2.3.jar;C:\Users\lnata\.m2\repository\ch\qos\logback\logback-core\1.2.3\logback-core-1.2.3.jar;C:\Users\lnata\.m2\repository\org\apache\logging\log4j\log4j-to-slf4j\2.10.0\log4j-to-slf4j-2.10.0.jar;C:\Users\lnata\.m2\repository\org\apache\logging\log4j\log4j-api\2.10.0\log4j-api-2.10.0.jar;C:\Users\lnata\.m2\repository\org\slf4j\jul-to-slf4j\1.7.25\jul-to-slf4j-1.7.25.jar;C:\Users\lnata\.m2\repository\org\yaml\snakeyaml\1.19\snakeyaml-1.19.jar;C:\Users\lnata\.m2\repository\org\springframework\boot\spring-boot-starter-aop\2.0.2.RELEASE\spring-boot-starter-aop-2.0.2.RELEASE.jar;C:\Users\lnata\.m2\repository\org\aspectj\aspectjweaver\1.8.13\aspectjweaver-1.8.13.jar;C:\Users\lnata\.m2\repository\org\hibernate\hibernate-core\5.2.17.Final\hibernate-core-5.2.17.Final.jar;C:\Users\lnata\.m2\repository\org\jboss\logging\jboss-logging\3.3.2.Final\jboss-logging-3.3.2.Final.jar;C:\Users\lnata\.m2\repository\org\hibernate\javax\persistence\hibernate-jpa-2.1-api\1.0.0.Final\hibernate-jpa-2.1-api-1.0.0.Final.jar;C:\Users\lnata\.m2\repository\org\javassist\javassist\3.22.0-GA\javassist-3.22.0-GA.jar;C:\Users\lnata\.m2\repository\antlr\antlr\2.7.7\antlr-2.7.7.jar;C:\Users\lnata\.m2\repository\org\jboss\jandex\2.0.3.Final\jandex-2.0.3.Final.jar;C:\Users\lnata\.m2\repository\com\fasterxml\classmate\1.3.4\classmate-1.3.4.jar;C:\Users\lnata\.m2\repository\dom4j\dom4j\1.6.1\dom4j-1.6.1.jar;C:\Users\lnata\.m2\repository\org\hibernate\common\hibernate-commons-annotations\5.0.1.Final\hibernate-commons-annotations-5.0.1.Final.jar;C:\Users\lnata\.m2\repository\javax\transaction\javax.transaction-api\1.2\javax.transaction-api-1.2.jar;C:\Users\lnata\.m2\repository\org\springframework\data\spring-data-jpa\2.0.7.RELEASE\spring-data-jpa-2.0.7.RELEASE.jar;C:\Users\lnata\.m2\repository\org\springframework\data\spring-data-commons\2.0.7.RELEASE\spring-data-commons-2.0.7.RELEASE.jar;C:\Users\lnata\.m2\repository\org\springframework\spring-orm\5.0.6.RELEASE\spring-orm-5.0.6.RELEASE.jar;C:\Users\lnata\.m2\repository\org\springframework\spring-context\5.0.6.RELEASE\spring-context-5.0.6.RELEASE.jar;C:\Users\lnata\.m2\repository\org\springframework\spring-tx\5.0.6.RELEASE\spring-tx-5.0.6.RELEASE.jar;C:\Users\lnata\.m2\repository\org\springframework\spring-beans\5.0.6.RELEASE\spring-beans-5.0.6.RELEASE.jar;C:\Users\lnata\.m2\repository\org\springframework\spring-aspects\5.0.6.RELEASE\spring-aspects-5.0.6.RELEASE.jar;C:\Users\lnata\.m2\repository\org\springframework\boot\spring-boot-starter-jdbc\2.0.2.RELEASE\spring-boot-starter-jdbc-2.0.2.RELEASE.jar;C:\Users\lnata\.m2\repository\com\zaxxer\HikariCP\2.7.9\HikariCP-2.7.9.jar;C:\Users\lnata\.m2\repository\org\springframework\spring-jdbc\5.0.6.RELEASE\spring-jdbc-5.0.6.RELEASE.jar;C:\Users\lnata\.m2\repository\org\flywaydb\flyway-core\5.0.7\flyway-core-5.0.7.jar;C:\Users\lnata\.m2\repository\org\springframework\boot\spring-boot-starter-thymeleaf\2.0.2.RELEASE\spring-boot-starter-thymeleaf-2.0.2.RELEASE.jar;C:\Users\lnata\.m2\repository\org\thymeleaf\thymeleaf-spring5\3.0.9.RELEASE\thymeleaf-spring5-3.0.9.RELEASE.jar;C:\Users\lnata\.m2\repository\org\thymeleaf\extras\thymeleaf-extras-java8time\3.0.1.RELEASE\thymeleaf-extras-java8time-3.0.1.RELEASE.jar;C:\Users\lnata\.m2\repository\org\springframework\boot\spring-boot-starter-web\2.0.2.RELEASE\spring-boot-starter-web-2.0.2.RELEASE.jar;C:\Users\lnata\.m2\repository\org\springframework\boot\spring-boot-starter-json\2.0.2.RELEASE\spring-boot-starter-json-2.0.2.RELEASE.jar;C:\Users\lnata\.m2\repository\com\fasterxml\jackson\datatype\jackson-datatype-jdk8\2.9.5\jackson-datatype-jdk8-2.9.5.jar;C:\Users\lnata\.m2\repository\com\fasterxml\jackson\datatype\jackson-datatype-jsr310\2.9.5\jackson-datatype-jsr310-2.9.5.jar;C:\Users\lnata\.m2\repository\com\fasterxml\jackson\module\jackson-module-parameter-names\2.9.5\jackson-module-parameter-names-2.9.5.jar;C:\Users\lnata\.m2\repository\org\hibernate\validator\hibernate-validator\6.0.9.Final\hibernate-validator-6.0.9.Final.jar;C:\Users\lnata\.m2\repository\javax\validation\validation-api\2.0.1.Final\validation-api-2.0.1.Final.jar;C:\Users\lnata\.m2\repository\org\springframework\spring-web\5.0.6.RELEASE\spring-web-5.0.6.RELEASE.jar;C:\Users\lnata\.m2\repository\org\springframework\spring-webmvc\5.0.6.RELEASE\spring-webmvc-5.0.6.RELEASE.jar;C:\Users\lnata\.m2\repository\org\springframework\spring-expression\5.0.6.RELEASE\spring-expression-5.0.6.RELEASE.jar;C:\Users\lnata\.m2\repository\org\springframework\boot\spring-boot-devtools\2.0.2.RELEASE\spring-boot-devtools-2.0.2.RELEASE.jar;C:\Users\lnata\.m2\repository\org\springframework\boot\spring-boot\2.0.2.RELEASE\spring-boot-2.0.2.RELEASE.jar;C:\Users\lnata\.m2\repository\org\springframework\boot\spring-boot-autoconfigure\2.0.2.RELEASE\spring-boot-autoconfigure-2.0.2.RELEASE.jar;C:\Users\lnata\.m2\repository\mysql\mysql-connector-java\5.1.46\mysql-connector-java-5.1.46.jar;C:\Users\lnata\.m2\repository\org\springframework\boot\spring-boot-starter-tomcat\2.0.2.RELEASE\spring-boot-starter-tomcat-2.0.2.RELEASE.jar;C:\Users\lnata\.m2\repository\javax\annotation\javax.annotation-api\1.3.2\javax.annotation-api-1.3.2.jar;C:\Users\lnata\.m2\repository\org\apache\tomcat\embed\tomcat-embed-core\8.5.31\tomcat-embed-core-8.5.31.jar;C:\Users\lnata\.m2\repository\org\apache\tomcat\embed\tomcat-embed-el\8.5.31\tomcat-embed-el-8.5.31.jar;C:\Users\lnata\.m2\repository\org\apache\tomcat\embed\tomcat-embed-websocket\8.5.31\tomcat-embed-websocket-8.5.31.jar;C:\Users\lnata\.m2\repository\org\springframework\boot\spring-boot-starter-test\2.0.2.RELEASE\spring-boot-starter-test-2.0.2.RELEASE.jar;C:\Users\lnata\.m2\repository\org\springframework\boot\spring-boot-test\2.0.2.RELEASE\spring-boot-test-2.0.2.RELEASE.jar;C:\Users\lnata\.m2\repository\org\springframework\boot\spring-boot-test-autoconfigure\2.0.2.RELEASE\spring-boot-test-autoconfigure-2.0.2.RELEASE.jar;C:\Users\lnata\.m2\repository\com\jayway\jsonpath\json-path\2.4.0\json-path-2.4.0.jar;C:\Users\lnata\.m2\repository\net\minidev\json-smart\2.3\json-smart-2.3.jar;C:\Users\lnata\.m2\repository\net\minidev\accessors-smart\1.2\accessors-smart-1.2.jar;C:\Users\lnata\.m2\repository\org\ow2\asm\asm\5.0.4\asm-5.0.4.jar;C:\Users\lnata\.m2\repository\junit\junit\4.12\junit-4.12.jar;C:\Users\lnata\.m2\repository\org\assertj\assertj-core\3.9.1\assertj-core-3.9.1.jar;C:\Users\lnata\.m2\repository\org\mockito\mockito-core\2.15.0\mockito-core-2.15.0.jar;C:\Users\lnata\.m2\repository\net\bytebuddy\byte-buddy\1.7.11\byte-buddy-1.7.11.jar;C:\Users\lnata\.m2\repository\net\bytebuddy\byte-buddy-agent\1.7.11\byte-buddy-agent-1.7.11.jar;C:\Users\lnata\.m2\repository\org\objenesis\objenesis\2.6\objenesis-2.6.jar;C:\Users\lnata\.m2\repository\org\hamcrest\hamcrest-core\1.3\hamcrest-core-1.3.jar;C:\Users\lnata\.m2\repository\org\hamcrest\hamcrest-library\1.3\hamcrest-library-1.3.jar;C:\Users\lnata\.m2\repository\org\skyscreamer\jsonassert\1.5.0\jsonassert-1.5.0.jar;C:\Users\lnata\.m2\repository\com\vaadin\external\google\android-json\0.0.20131108.vaadin1\android-json-0.0.20131108.vaadin1.jar;C:\Users\lnata\.m2\repository\org\springframework\spring-core\5.0.6.RELEASE\spring-core-5.0.6.RELEASE.jar;C:\Users\lnata\.m2\repository\org\springframework\spring-jcl\5.0.6.RELEASE\spring-jcl-5.0.6.RELEASE.jar;C:\Users\lnata\.m2\repository\org\springframework\spring-test\5.0.6.RELEASE\spring-test-5.0.6.RELEASE.jar;C:\Users\lnata\.m2\repository\org\xmlunit\xmlunit-core\2.5.1\xmlunit-core-2.5.1.jar;C:\Users\lnata\.m2\repository\org\springframework\boot\spring-boot-starter-security\2.0.2.RELEASE\spring-boot-starter-security-2.0.2.RELEASE.jar;C:\Users\lnata\.m2\repository\org\springframework\spring-aop\5.0.6.RELEASE\spring-aop-5.0.6.RELEASE.jar;C:\Users\lnata\.m2\repository\org\springframework\security\spring-security-config\5.0.5.RELEASE\spring-security-config-5.0.5.RELEASE.jar;C:\Users\lnata\.m2\repository\org\springframework\security\spring-security-core\5.0.5.RELEASE\spring-security-core-5.0.5.RELEASE.jar;C:\Users\lnata\.m2\repository\org\springframework\security\spring-security-web\5.0.5.RELEASE\spring-security-web-5.0.5.RELEASE.jar;C:\Users\lnata\.m2\repository\org\thymeleaf\extras\thymeleaf-extras-springsecurity4\3.0.2.RELEASE\thymeleaf-extras-springsecurity4-3.0.2.RELEASE.jar;C:\Users\lnata\.m2\repository\org\slf4j\slf4j-api\1.7.25\slf4j-api-1.7.25.jar;C:\Users\lnata\.m2\repository\com\ibm\icu\icu4j\51.3\icu4j-51.3.jar;C:\Users\lnata\.m2\repository\commons-lang\commons-lang\2.6\commons-lang-2.6.jar;C:\Users\lnata\.m2\repository\nz\net\ultraq\thymeleaf\thymeleaf-layout-dialect\2.3.0\thymeleaf-layout-dialect-2.3.0.jar;C:\Users\lnata\.m2\repository\nz\net\ultraq\thymeleaf\thymeleaf-expression-processor\1.1.3\thymeleaf-expression-processor-1.1.3.jar;C:\Users\lnata\.m2\repository\org\codehaus\groovy\groovy\2.4.15\groovy-2.4.15.jar;C:\Users\lnata\.m2\repository\org\thymeleaf\thymeleaf\3.0.9.RELEASE\thymeleaf-3.0.9.RELEASE.jar;C:\Users\lnata\.m2\repository\ognl\ognl\3.1.12\ognl-3.1.12.jar;C:\Users\lnata\.m2\repository\org\attoparser\attoparser\2.0.4.RELEASE\attoparser-2.0.4.RELEASE.jar;C:\Users\lnata\.m2\repository\org\unbescape\unbescape\1.1.5.RELEASE\unbescape-1.1.5.RELEASE.jar;C:\Users\lnata\.m2\repository\net\sf\jasperreports\jasperreports\6.17.0\jasperreports-6.17.0.jar;C:\Users\lnata\.m2\repository\commons-beanutils\commons-beanutils\1.9.4\commons-beanutils-1.9.4.jar;C:\Users\lnata\.m2\repository\commons-collections\commons-collections\3.2.2\commons-collections-3.2.2.jar;C:\Users\lnata\.m2\repository\commons-digester\commons-digester\2.1\commons-digester-2.1.jar;C:\Users\lnata\.m2\repository\commons-logging\commons-logging\1.1.1\commons-logging-1.1.1.jar;C:\Users\lnata\.m2\repository\org\apache\commons\commons-collections4\4.2\commons-collections4-4.2.jar;C:\Users\lnata\.m2\repository\com\lowagie\itext\2.1.7.js8\itext-2.1.7.js8.jar;C:\Users\lnata\.m2\repository\org\bouncycastle\bcprov-jdk15on\1.64\bcprov-jdk15on-1.64.jar;C:\Users\lnata\.m2\repository\org\jfree\jcommon\1.0.23\jcommon-1.0.23.jar;C:\Users\lnata\.m2\repository\org\jfree\jfreechart\1.0.19\jfreechart-1.0.19.jar;C:\Users\lnata\.m2\repository\org\eclipse\jdt\ecj\3.21.0\ecj-3.21.0.jar;C:\Users\lnata\.m2\repository\org\codehaus\castor\castor-xml\1.4.1\castor-xml-1.4.1.jar;C:\Users\lnata\.m2\repository\org\codehaus\castor\castor-core\1.4.1\castor-core-1.4.1.jar;C:\Users\lnata\.m2\repository\org\apache\commons\commons-lang3\3.7\commons-lang3-3.7.jar;C:\Users\lnata\.m2\repository\javax\inject\javax.inject\1\javax.inject-1.jar;C:\Users\lnata\.m2\repository\com\fasterxml\jackson\core\jackson-core\2.9.5\jackson-core-2.9.5.jar;C:\Users\lnata\.m2\repository\com\fasterxml\jackson\core\jackson-databind\2.9.5\jackson-databind-2.9.5.jar;C:\Users\lnata\.m2\repository\com\fasterxml\jackson\core\jackson-annotations\2.9.0\jackson-annotations-2.9.0.jar;C:\Users\lnata\.m2\repository\com\thoughtworks\xstream\xstream\1.4.19\xstream-1.4.19.jar;C:\Users\lnata\.m2\repository\io\github\x-stream\mxparser\1.2.2\mxparser-1.2.2.jar;C:\Users\lnata\.m2\repository\xmlpull\xmlpull\1.1.3.1\xmlpull-1.1.3.1.jar;C:\Users\lnata\.m2\repository\org\powermock\powermock-module-junit4\2.0.9\powermock-module-junit4-2.0.9.jar;C:\Users\lnata\.m2\repository\org\powermock\powermock-module-junit4-common\2.0.9\powermock-module-junit4-common-2.0.9.jar;C:\Users\lnata\.m2\repository\org\powermock\powermock-reflect\2.0.9\powermock-reflect-2.0.9.jar;C:\Users\lnata\.m2\repository\org\powermock\powermock-core\2.0.9\powermock-core-2.0.9.jar;, java.specification.name=Java Platform API Specification, java.class.version=52.0, sun.management.compiler=HotSpot 64-Bit Tiered Compilers, os.version=10.0, user.home=C:\Users\lnata, user.timezone=America/Sao_Paulo, java.awt.printerjob=sun.awt.windows.WPrinterJob, file.encoding=Cp1252, java.specification.version=1.8, java.class.path=C:\Users\lnata\projetos\pdv\target\test-classes;C:\Users\lnata\projetos\pdv\target\classes;C:\Users\lnata\.m2\repository\org\springframework\boot\spring-boot-starter-data-jpa\2.0.2.RELEASE\spring-boot-starter-data-jpa-2.0.2.RELEASE.jar;C:\Users\lnata\.m2\repository\org\springframework\boot\spring-boot-starter\2.0.2.RELEASE\spring-boot-starter-2.0.2.RELEASE.jar;C:\Users\lnata\.m2\repository\org\springframework\boot\spring-boot-starter-logging\2.0.2.RELEASE\spring-boot-starter-logging-2.0.2.RELEASE.jar;C:\Users\lnata\.m2\repository\ch\qos\logback\logback-classic\1.2.3\logback-classic-1.2.3.jar;C:\Users\lnata\.m2\repository\ch\qos\logback\logback-core\1.2.3\logback-core-1.2.3.jar;C:\Users\lnata\.m2\repository\org\apache\logging\log4j\log4j-to-slf4j\2.10.0\log4j-to-slf4j-2.10.0.jar;C:\Users\lnata\.m2\repository\org\apache\logging\log4j\log4j-api\2.10.0\log4j-api-2.10.0.jar;C:\Users\lnata\.m2\repository\org\slf4j\jul-to-slf4j\1.7.25\jul-to-slf4j-1.7.25.jar;C:\Users\lnata\.m2\repository\org\yaml\snakeyaml\1.19\snakeyaml-1.19.jar;C:\Users\lnata\.m2\repository\org\springframework\boot\spring-boot-starter-aop\2.0.2.RELEASE\spring-boot-starter-aop-2.0.2.RELEASE.jar;C:\Users\lnata\.m2\repository\org\aspectj\aspectjweaver\1.8.13\aspectjweaver-1.8.13.jar;C:\Users\lnata\.m2\repository\org\hibernate\hibernate-core\5.2.17.Final\hibernate-core-5.2.17.Final.jar;C:\Users\lnata\.m2\repository\org\jboss\logging\jboss-logging\3.3.2.Final\jboss-logging-3.3.2.Final.jar;C:\Users\lnata\.m2\repository\org\hibernate\javax\persistence\hibernate-jpa-2.1-api\1.0.0.Final\hibernate-jpa-2.1-api-1.0.0.Final.jar;C:\Users\lnata\.m2\repository\org\javassist\javassist\3.22.0-GA\javassist-3.22.0-GA.jar;C:\Users\lnata\.m2\repository\antlr\antlr\2.7.7\antlr-2.7.7.jar;C:\Users\lnata\.m2\repository\org\jboss\jandex\2.0.3.Final\jandex-2.0.3.Final.jar;C:\Users\lnata\.m2\repository\com\fasterxml\classmate\1.3.4\classmate-1.3.4.jar;C:\Users\lnata\.m2\repository\dom4j\dom4j\1.6.1\dom4j-1.6.1.jar;C:\Users\lnata\.m2\repository\org\hibernate\common\hibernate-commons-annotations\5.0.1.Final\hibernate-commons-annotations-5.0.1.Final.jar;C:\Users\lnata\.m2\repository\javax\transaction\javax.transaction-api\1.2\javax.transaction-api-1.2.jar;C:\Users\lnata\.m2\repository\org\springframework\data\spring-data-jpa\2.0.7.RELEASE\spring-data-jpa-2.0.7.RELEASE.jar;C:\Users\lnata\.m2\repository\org\springframework\data\spring-data-commons\2.0.7.RELEASE\spring-data-commons-2.0.7.RELEASE.jar;C:\Users\lnata\.m2\repository\org\springframework\spring-orm\5.0.6.RELEASE\spring-orm-5.0.6.RELEASE.jar;C:\Users\lnata\.m2\repository\org\springframework\spring-context\5.0.6.RELEASE\spring-context-5.0.6.RELEASE.jar;C:\Users\lnata\.m2\repository\org\springframework\spring-tx\5.0.6.RELEASE\spring-tx-5.0.6.RELEASE.jar;C:\Users\lnata\.m2\repository\org\springframework\spring-beans\5.0.6.RELEASE\spring-beans-5.0.6.RELEASE.jar;C:\Users\lnata\.m2\repository\org\springframework\spring-aspects\5.0.6.RELEASE\spring-aspects-5.0.6.RELEASE.jar;C:\Users\lnata\.m2\repository\org\springframework\boot\spring-boot-starter-jdbc\2.0.2.RELEASE\spring-boot-starter-jdbc-2.0.2.RELEASE.jar;C:\Users\lnata\.m2\repository\com\zaxxer\HikariCP\2.7.9\HikariCP-2.7.9.jar;C:\Users\lnata\.m2\repository\org\springframework\spring-jdbc\5.0.6.RELEASE\spring-jdbc-5.0.6.RELEASE.jar;C:\Users\lnata\.m2\repository\org\flywaydb\flyway-core\5.0.7\flyway-core-5.0.7.jar;C:\Users\lnata\.m2\repository\org\springframework\boot\spring-boot-starter-thymeleaf\2.0.2.RELEASE\spring-boot-starter-thymeleaf-2.0.2.RELEASE.jar;C:\Users\lnata\.m2\repository\org\thymeleaf\thymeleaf-spring5\3.0.9.RELEASE\thymeleaf-spring5-3.0.9.RELEASE.jar;C:\Users\lnata\.m2\repository\org\thymeleaf\extras\thymeleaf-extras-java8time\3.0.1.RELEASE\thymeleaf-extras-java8time-3.0.1.RELEASE.jar;C:\Users\lnata\.m2\repository\org\springframework\boot\spring-boot-starter-web\2.0.2.RELEASE\spring-boot-starter-web-2.0.2.RELEASE.jar;C:\Users\lnata\.m2\repository\org\springframework\boot\spring-boot-starter-json\2.0.2.RELEASE\spring-boot-starter-json-2.0.2.RELEASE.jar;C:\Users\lnata\.m2\repository\com\fasterxml\jackson\datatype\jackson-datatype-jdk8\2.9.5\jackson-datatype-jdk8-2.9.5.jar;C:\Users\lnata\.m2\repository\com\fasterxml\jackson\datatype\jackson-datatype-jsr310\2.9.5\jackson-datatype-jsr310-2.9.5.jar;C:\Users\lnata\.m2\repository\com\fasterxml\jackson\module\jackson-module-parameter-names\2.9.5\jackson-module-parameter-names-2.9.5.jar;C:\Users\lnata\.m2\repository\org\hibernate\validator\hibernate-validator\6.0.9.Final\hibernate-validator-6.0.9.Final.jar;C:\Users\lnata\.m2\repository\javax\validation\validation-api\2.0.1.Final\validation-api-2.0.1.Final.jar;C:\Users\lnata\.m2\repository\org\springframework\spring-web\5.0.6.RELEASE\spring-web-5.0.6.RELEASE.jar;C:\Users\lnata\.m2\repository\org\springframework\spring-webmvc\5.0.6.RELEASE\spring-webmvc-5.0.6.RELEASE.jar;C:\Users\lnata\.m2\repository\org\springframework\spring-expression\5.0.6.RELEASE\spring-expression-5.0.6.RELEASE.jar;C:\Users\lnata\.m2\repository\org\springframework\boot\spring-boot-devtools\2.0.2.RELEASE\spring-boot-devtools-2.0.2.RELEASE.jar;C:\Users\lnata\.m2\repository\org\springframework\boot\spring-boot\2.0.2.RELEASE\spring-boot-2.0.2.RELEASE.jar;C:\Users\lnata\.m2\repository\org\springframework\boot\spring-boot-autoconfigure\2.0.2.RELEASE\spring-boot-autoconfigure-2.0.2.RELEASE.jar;C:\Users\lnata\.m2\repository\mysql\mysql-connector-java\5.1.46\mysql-connector-java-5.1.46.jar;C:\Users\lnata\.m2\repository\org\springframework\boot\spring-boot-starter-tomcat\2.0.2.RELEASE\spring-boot-starter-tomcat-2.0.2.RELEASE.jar;C:\Users\lnata\.m2\repository\javax\annotation\javax.annotation-api\1.3.2\javax.annotation-api-1.3.2.jar;C:\Users\lnata\.m2\repository\org\apache\tomcat\embed\tomcat-embed-core\8.5.31\tomcat-embed-core-8.5.31.jar;C:\Users\lnata\.m2\repository\org\apache\tomcat\embed\tomcat-embed-el\8.5.31\tomcat-embed-el-8.5.31.jar;C:\Users\lnata\.m2\repository\org\apache\tomcat\embed\tomcat-embed-websocket\8.5.31\tomcat-embed-websocket-8.5.31.jar;C:\Users\lnata\.m2\repository\org\springframework\boot\spring-boot-starter-test\2.0.2.RELEASE\spring-boot-starter-test-2.0.2.RELEASE.jar;C:\Users\lnata\.m2\repository\org\springframework\boot\spring-boot-test\2.0.2.RELEASE\spring-boot-test-2.0.2.RELEASE.jar;C:\Users\lnata\.m2\repository\org\springframework\boot\spring-boot-test-autoconfigure\2.0.2.RELEASE\spring-boot-test-autoconfigure-2.0.2.RELEASE.jar;C:\Users\lnata\.m2\repository\com\jayway\jsonpath\json-path\2.4.0\json-path-2.4.0.jar;C:\Users\lnata\.m2\repository\net\minidev\json-smart\2.3\json-smart-2.3.jar;C:\Users\lnata\.m2\repository\net\minidev\accessors-smart\1.2\accessors-smart-1.2.jar;C:\Users\lnata\.m2\repository\org\ow2\asm\asm\5.0.4\asm-5.0.4.jar;C:\Users\lnata\.m2\repository\junit\junit\4.12\junit-4.12.jar;C:\Users\lnata\.m2\repository\org\assertj\assertj-core\3.9.1\assertj-core-3.9.1.jar;C:\Users\lnata\.m2\repository\org\mockito\mockito-core\2.15.0\mockito-core-2.15.0.jar;C:\Users\lnata\.m2\repository\net\bytebuddy\byte-buddy\1.7.11\byte-buddy-1.7.11.jar;C:\Users\lnata\.m2\repository\net\bytebuddy\byte-buddy-agent\1.7.11\byte-buddy-agent-1.7.11.jar;C:\Users\lnata\.m2\repository\org\objenesis\objenesis\2.6\objenesis-2.6.jar;C:\Users\lnata\.m2\repository\org\hamcrest\hamcrest-core\1.3\hamcrest-core-1.3.jar;C:\Users\lnata\.m2\repository\org\hamcrest\hamcrest-library\1.3\hamcrest-library-1.3.jar;C:\Users\lnata\.m2\repository\org\skyscreamer\jsonassert\1.5.0\jsonassert-1.5.0.jar;C:\Users\lnata\.m2\repository\com\vaadin\external\google\android-json\0.0.20131108.vaadin1\android-json-0.0.20131108.vaadin1.jar;C:\Users\lnata\.m2\repository\org\springframework\spring-core\5.0.6.RELEASE\spring-core-5.0.6.RELEASE.jar;C:\Users\lnata\.m2\repository\org\springframework\spring-jcl\5.0.6.RELEASE\spring-jcl-5.0.6.RELEASE.jar;C:\Users\lnata\.m2\repository\org\springframework\spring-test\5.0.6.RELEASE\spring-test-5.0.6.RELEASE.jar;C:\Users\lnata\.m2\repository\org\xmlunit\xmlunit-core\2.5.1\xmlunit-core-2.5.1.jar;C:\Users\lnata\.m2\repository\org\springframework\boot\spring-boot-starter-security\2.0.2.RELEASE\spring-boot-starter-security-2.0.2.RELEASE.jar;C:\Users\lnata\.m2\repository\org\springframework\spring-aop\5.0.6.RELEASE\spring-aop-5.0.6.RELEASE.jar;C:\Users\lnata\.m2\repository\org\springframework\security\spring-security-config\5.0.5.RELEASE\spring-security-config-5.0.5.RELEASE.jar;C:\Users\lnata\.m2\repository\org\springframework\security\spring-security-core\5.0.5.RELEASE\spring-security-core-5.0.5.RELEASE.jar;C:\Users\lnata\.m2\repository\org\springframework\security\spring-security-web\5.0.5.RELEASE\spring-security-web-5.0.5.RELEASE.jar;C:\Users\lnata\.m2\repository\org\thymeleaf\extras\thymeleaf-extras-springsecurity4\3.0.2.RELEASE\thymeleaf-extras-springsecurity4-3.0.2.RELEASE.jar;C:\Users\lnata\.m2\repository\org\slf4j\slf4j-api\1.7.25\slf4j-api-1.7.25.jar;C:\Users\lnata\.m2\repository\com\ibm\icu\icu4j\51.3\icu4j-51.3.jar;C:\Users\lnata\.m2\repository\commons-lang\commons-lang\2.6\commons-lang-2.6.jar;C:\Users\lnata\.m2\repository\nz\net\ultraq\thymeleaf\thymeleaf-layout-dialect\2.3.0\thymeleaf-layout-dialect-2.3.0.jar;C:\Users\lnata\.m2\repository\nz\net\ultraq\thymeleaf\thymeleaf-expression-processor\1.1.3\thymeleaf-expression-processor-1.1.3.jar;C:\Users\lnata\.m2\repository\org\codehaus\groovy\groovy\2.4.15\groovy-2.4.15.jar;C:\Users\lnata\.m2\repository\org\thymeleaf\thymeleaf\3.0.9.RELEASE\thymeleaf-3.0.9.RELEASE.jar;C:\Users\lnata\.m2\repository\ognl\ognl\3.1.12\ognl-3.1.12.jar;C:\Users\lnata\.m2\repository\org\attoparser\attoparser\2.0.4.RELEASE\attoparser-2.0.4.RELEASE.jar;C:\Users\lnata\.m2\repository\org\unbescape\unbescape\1.1.5.RELEASE\unbescape-1.1.5.RELEASE.jar;C:\Users\lnata\.m2\repository\net\sf\jasperreports\jasperreports\6.17.0\jasperreports-6.17.0.jar;C:\Users\lnata\.m2\repository\commons-beanutils\commons-beanutils\1.9.4\commons-beanutils-1.9.4.jar;C:\Users\lnata\.m2\repository\commons-collections\commons-collections\3.2.2\commons-collections-3.2.2.jar;C:\Users\lnata\.m2\repository\commons-digester\commons-digester\2.1\commons-digester-2.1.jar;C:\Users\lnata\.m2\repository\commons-logging\commons-logging\1.1.1\commons-logging-1.1.1.jar;C:\Users\lnata\.m2\repository\org\apache\commons\commons-collections4\4.2\commons-collections4-4.2.jar;C:\Users\lnata\.m2\repository\com\lowagie\itext\2.1.7.js8\itext-2.1.7.js8.jar;C:\Users\lnata\.m2\repository\org\bouncycastle\bcprov-jdk15on\1.64\bcprov-jdk15on-1.64.jar;C:\Users\lnata\.m2\repository\org\jfree\jcommon\1.0.23\jcommon-1.0.23.jar;C:\Users\lnata\.m2\repository\org\jfree\jfreechart\1.0.19\jfreechart-1.0.19.jar;C:\Users\lnata\.m2\repository\org\eclipse\jdt\ecj\3.21.0\ecj-3.21.0.jar;C:\Users\lnata\.m2\repository\org\codehaus\castor\castor-xml\1.4.1\castor-xml-1.4.1.jar;C:\Users\lnata\.m2\repository\org\codehaus\castor\castor-core\1.4.1\castor-core-1.4.1.jar;C:\Users\lnata\.m2\repository\org\apache\commons\commons-lang3\3.7\commons-lang3-3.7.jar;C:\Users\lnata\.m2\repository\javax\inject\javax.inject\1\javax.inject-1.jar;C:\Users\lnata\.m2\repository\com\fasterxml\jackson\core\jackson-core\2.9.5\jackson-core-2.9.5.jar;C:\Users\lnata\.m2\repository\com\fasterxml\jackson\core\jackson-databind\2.9.5\jackson-databind-2.9.5.jar;C:\Users\lnata\.m2\repository\com\fasterxml\jackson\core\jackson-annotations\2.9.0\jackson-annotations-2.9.0.jar;C:\Users\lnata\.m2\repository\com\thoughtworks\xstream\xstream\1.4.19\xstream-1.4.19.jar;C:\Users\lnata\.m2\repository\io\github\x-stream\mxparser\1.2.2\mxparser-1.2.2.jar;C:\Users\lnata\.m2\repository\xmlpull\xmlpull\1.1.3.1\xmlpull-1.1.3.1.jar;C:\Users\lnata\.m2\repository\org\powermock\powermock-module-junit4\2.0.9\powermock-module-junit4-2.0.9.jar;C:\Users\lnata\.m2\repository\org\powermock\powermock-module-junit4-common\2.0.9\powermock-module-junit4-common-2.0.9.jar;C:\Users\lnata\.m2\repository\org\powermock\powermock-reflect\2.0.9\powermock-reflect-2.0.9.jar;C:\Users\lnata\.m2\repository\org\powermock\powermock-core\2.0.9\powermock-core-2.0.9.jar;, user.name=lnata, java.vm.specification.version=1.8, sun.java.command=C:\Users\lnata\AppData\Local\Temp\surefire6987295932592062545\surefirebooter7606162314282194658.jar C:\Users\lnata\AppData\Local\Temp\surefire6987295932592062545 2023-06-18T17-59-36_547-jvmRun1 surefire3565990344632409834tmp surefire_0824621780939491162tmp, java.home=C:\Program Files\Java\jdk1.8.0_202\jre, sun.arch.data.model=64, user.language=pt, java.specification.vendor=Oracle Corporation, awt.toolkit=sun.awt.windows.WToolkit, java.vm.info=mixed mode, java.version=1.8.0_202, java.ext.dirs=C:\Program Files\Java\jdk1.8.0_202\jre\lib\ext;C:\WINDOWS\Sun\Java\lib\ext, sun.boot.class.path=C:\Program Files\Java\jdk1.8.0_202\jre\lib\resources.jar;C:\Program Files\Java\jdk1.8.0_202\jre\lib\rt.jar;C:\Program Files\Java\jdk1.8.0_202\jre\lib\sunrsasign.jar;C:\Program Files\Java\jdk1.8.0_202\jre\lib\jsse.jar;C:\Program Files\Java\jdk1.8.0_202\jre\lib\jce.jar;C:\Program Files\Java\jdk1.8.0_202\jre\lib\charsets.jar;C:\Program Files\Java\jdk1.8.0_202\jre\lib\jfr.jar;C:\Program Files\Java\jdk1.8.0_202\jre\classes, java.vendor=Oracle Corporation, localRepository=C:\Users\lnata\.m2\repository, file.separator=\, java.vendor.url.bug=http://bugreport.sun.com/bugreport/, sun.io.unicode.encoding=UnicodeLittle, sun.cpu.endian=little, sun.desktop=windows, sun.cpu.isalist=amd64}}, SystemEnvironmentPropertySource@704024720 {name='systemEnvironment', properties={PATH=C:\Users\lnata\bin;C:\Program Files\Git\mingw64\bin;C:\Program Files\Git\usr\local\bin;C:\Program Files\Git\usr\bin;C:\Program Files\Git\usr\bin;C:\Program Files\Git\mingw64\bin;C:\Program Files\Git\usr\bin;C:\Users\lnata\bin;C:\Program Files (x86)\Common Files\Oracle\Java\javapath;C:\Program Files\Common Files\Oracle\Java\javapath;C:\WINDOWS\system32;C:\WINDOWS;C:\WINDOWS\System32\Wbem;C:\WINDOWS\System32\WindowsPowerShell\v1.0;C:\WINDOWS\System32\OpenSSH;C:\Program Files\Git\cmd;C:\Program Files\Calibre2;C:\Program Files\dotnet;C:\Users\lnata\AppData\Local\Programs\Python\Python311\Scripts;C:\Users\lnata\AppData\Local\Programs\Python\Python311;C:\Program Files\Docker\Docker\resources\bin;C:\Users\lnata\.cargo\bin;C:\Program Files\MySQL\MySQL Shell 8.0\bin;C:\Users\lnata\AppData\Local\Microsoft\WindowsApps;C:\Users\lnata\AppData\Local\Programs\Microsoft VS Code\bin;C:\Program Files\apache-maven-3.8.7\bin;C:\Users\lnata\AppData\Local\Programs\Python\Python311\Scripts;C:\Program Files\JetBrains\PyCharm 2023.1\bin;C:\Program Files\Git\usr\bin\vendor_perl;C:\Program Files\Git\usr\bin\core_perl, USERDOMAIN_ROAMINGPROFILE=DESKTOP-ETOHANK, PKG_CONFIG_PATH=C:\Program Files\Git\mingw64\lib\pkgconfig;C:\Program Files\Git\mingw64\share\pkgconfig, MSYSTEM_PREFIX=C:/Program Files/Git/mingw64, PROCESSOR_LEVEL=6, SYSTEMDRIVE=C:, CONFIG_SITE=C:/Program Files/Git/etc/config.site, M2=C:\Program Files\apache-maven-3.8.7\bin, SESSIONNAME=Console, ALLUSERSPROFILE=C:\ProgramData, PROCESSOR_ARCHITECTURE=AMD64, DRIVERDATA=C:\Windows\System32\Drivers\DriverData, MSYSTEM_CHOST=x86_64-w64-mingw32, ORIGINAL_TEMP=C:/Users/lnata/AppData/Local/Temp, PROGRAMFILES=C:\Program Files, PSMODULEPATH=C:\Program Files\WindowsPowerShell\Modules;C:\WINDOWS\system32\WindowsPowerShell\v1.0\Modules, PROGRAMDATA=C:\ProgramData, USERNAME=lnata, PWD=C:/Users/lnata/projetos/pdv, TERM_PROGRAM_VERSION=3.6.3, INFOPATH=C:\Program Files\Git\mingw64\local\info;C:\Program Files\Git\mingw64\share\info;C:\Program Files\Git\usr\local\info;C:\Program Files\Git\usr\share\info;C:\Program Files\Git\usr\info;C:\Program Files\Git\share\info, PKG_CONFIG_SYSTEM_INCLUDE_PATH=C:/Program Files/Git/mingw64/include, FPS_BROWSER_USER_PROFILE_STRING=Default, ONEDRIVE=C:\Users\lnata\OneDrive, PATHEXT=.COM;.EXE;.BAT;.CMD;.VBS;.VBE;.JS;.JSE;.WSF;.WSH;.MSC, SHELL=C:\Program Files\Git\usr\bin\bash.exe, ONEDRIVECONSUMER=C:\Users\lnata\OneDrive, EFC_4804=1, ORIGINAL_TMP=C:/Users/lnata/AppData/Local/Temp, OLDPWD=C:/Users/lnata/projetos/pdv, TMPDIR=C:\Users\lnata\AppData\Local\Temp, WINDIR=C:\WINDOWS, SSH_ASKPASS=C:/Program Files/Git/mingw64/bin/git-askpass.exe, HOMEPATH=\Users\lnata, PROCESSOR_IDENTIFIER=Intel64 Family 6 Model 158 Stepping 10, GenuineIntel, M2_HOME=C:\Program Files\apache-maven-3.8.7, PUBLIC=C:\Users\Public, MINGW_CHOST=x86_64-w64-mingw32, LC_CTYPE=pt_BR.UTF-8, =::=::\, EXEPATH=C:\Program Files\Git, SHLVL=1, LOCALAPPDATA=C:\Users\lnata\AppData\Local, ORIGINAL_PATH=C:\Program Files\Git\mingw64\bin;C:\Program Files\Git\usr\bin;C:\Users\lnata\bin;C:\Program Files (x86)\Common Files\Oracle\Java\javapath;C:\Program Files\Common Files\Oracle\Java\javapath;C:\WINDOWS\system32;C:\WINDOWS;C:\WINDOWS\System32\Wbem;C:\WINDOWS\System32\WindowsPowerShell\v1.0;C:\WINDOWS\System32\OpenSSH;C:\Program Files\Git\cmd;C:\Program Files\Calibre2;C:\Program Files\dotnet;C:\Users\lnata\AppData\Local\Programs\Python\Python311\Scripts;C:\Users\lnata\AppData\Local\Programs\Python\Python311;C:\Program Files\Docker\Docker\resources\bin;C:\Users\lnata\.cargo\bin;C:\Program Files\MySQL\MySQL Shell 8.0\bin;C:\Users\lnata\AppData\Local\Microsoft\WindowsApps;C:\Users\lnata\AppData\Local\Programs\Microsoft VS Code\bin;C:\Program Files\apache-maven-3.8.7\bin;C:\Users\lnata\AppData\Local\Programs\Python\Python311\Scripts;C:\Program Files\JetBrains\PyCharm 2023.1\bin, MANPATH=C:\Program Files\Git\mingw64\local\man;C:\Program Files\Git\mingw64\share\man;C:\Program Files\Git\usr\local\man;C:\Program Files\Git\usr\share\man;C:\Program Files\Git\usr\man;C:\Program Files\Git\share\man, COMMONPROGRAMFILES(X86)=C:\Program Files (x86)\Common Files, MINGW_PACKAGE_PREFIX=mingw-w64-x86_64, USERDOMAIN=DESKTOP-ETOHANK, FPS_BROWSER_APP_PROFILE_STRING=Internet Explorer, LOGONSERVER=\\DESKTOP-ETOHANK, JAVA_HOME=C:/Program Files/Java/jdk1.8.0_202, PLINK_PROTOCOL=ssh, PROMPT=$P$G, PROGRAMFILES(X86)=C:\Program Files (x86), TERM=xterm, MINGW_PREFIX=C:/Program Files/Git/mingw64, DISPLAY=needs-to-be-defined, MSYSTEM=MINGW64, =C:=C:\Users\lnata\projetos\pdv, APPDATA=C:\Users\lnata\AppData\Roaming, PROGRAMW6432=C:\Program Files, SYSTEMROOT=C:\WINDOWS, MAVEN_CMD_LINE_ARGS= clean test, OS=Windows_NT, TERM_PROGRAM=mintty, COMMONPROGRAMW6432=C:\Program Files\Common Files, COMPUTERNAME=DESKTOP-ETOHANK, COMMONPROGRAMFILES=C:\Program Files\Common Files, COMSPEC=C:\WINDOWS\system32\cmd.exe, MAVEN_PROJECTBASEDIR=C:/Users/lnata/projetos/pdv, PROCESSOR_REVISION=9e0a, PYCHARM=C:\Program Files\JetBrains\PyCharm 2023.1\bin;, ACLOCAL_PATH=C:\Program Files\Git\mingw64\share\aclocal;C:\Program Files\Git\usr\share\aclocal, MSYSTEM_CARCH=x86_64, TEMP=C:\Users\lnata\AppData\Local\Temp, HOSTNAME=DESKTOP-ETOHANK, HOMEDRIVE=C:, USERPROFILE=C:\Users\lnata, TMP=C:\Users\lnata\AppData\Local\Temp, NUMBER_OF_PROCESSORS=8, HOME=C:\Users\lnata, PKG_CONFIG_SYSTEM_LIBRARY_PATH=C:/Program Files/Git/mingw64/lib}}]
17:59:37.556 [main] DEBUG org.springframework.core.io.support.PathMatchingResourcePatternResolver - Resolved classpath location [net/originmobi/pdv/] to resources [URL [file:/C:/Users/lnata/projetos/pdv/target/test-classes/net/originmobi/pdv/], URL [file:/C:/Users/lnata/projetos/pdv/target/classes/net/originmobi/pdv/]]
17:59:37.556 [main] DEBUG org.springframework.core.io.support.PathMatchingResourcePatternResolver - Looking for matching resources in directory tree [C:\Users\lnata\projetos\pdv\target\test-classes\net\originmobi\pdv]
17:59:37.556 [main] DEBUG org.springframework.core.io.support.PathMatchingResourcePatternResolver - Searching directory [C:\Users\lnata\projetos\pdv\target\test-classes\net\originmobi\pdv] for files matching pattern [C:/Users/lnata/projetos/pdv/target/test-classes/net/originmobi/pdv/*.class]
17:59:37.556 [main] DEBUG org.springframework.core.io.support.PathMatchingResourcePatternResolver - Looking for matching resources in directory tree [C:\Users\lnata\projetos\pdv\target\classes\net\originmobi\pdv]
17:59:37.556 [main] DEBUG org.springframework.core.io.support.PathMatchingResourcePatternResolver - Searching directory [C:\Users\lnata\projetos\pdv\target\classes\net\originmobi\pdv] for files matching pattern [C:/Users/lnata/projetos/pdv/target/classes/net/originmobi/pdv/*.class]
17:59:37.556 [main] DEBUG org.springframework.core.io.support.PathMatchingResourcePatternResolver - Resolved location pattern [classpath*:net/originmobi/pdv/*.class] to resources [file [C:\Users\lnata\projetos\pdv\target\test-classes\net\originmobi\pdv\PdvApplicationTests.class], file [C:\Users\lnata\projetos\pdv\target\classes\net\originmobi\pdv\PdvApplication.class]]
17:59:37.603 [main] DEBUG org.springframework.context.annotation.ClassPathScanningCandidateComponentProvider - Identified candidate component class: file [C:\Users\lnata\projetos\pdv\target\classes\net\originmobi\pdv\PdvApplication.class]
17:59:37.603 [main] INFO org.springframework.boot.test.context.SpringBootTestContextBootstrapper - Found @SpringBootConfiguration net.originmobi.pdv.PdvApplication for test class net.originmobi.pdv.PdvApplicationTests
17:59:37.681 [main] DEBUG org.springframework.boot.test.context.SpringBootTestContextBootstrapper - @TestExecutionListeners is not present for class [net.originmobi.pdv.PdvApplicationTests]: using defaults.
17:59:37.697 [main] INFO org.springframework.boot.test.context.SpringBootTestContextBootstrapper - Loaded default TestExecutionListener class names from location [META-INF/spring.factories]: [org.springframework.boot.test.mock.mockito.MockitoTestExecutionListener, org.springframework.boot.test.mock.mockito.ResetMocksTestExecutionListener, org.springframework.boot.test.autoconfigure.restdocs.RestDocsTestExecutionListener, org.springframework.boot.test.autoconfigure.web.client.MockRestServiceServerResetTestExecutionListener, org.springframework.boot.test.autoconfigure.web.servlet.MockMvcPrintOnlyOnFailureTestExecutionListener, org.springframework.boot.test.autoconfigure.web.servlet.WebDriverTestExecutionListener, org.springframework.test.context.web.ServletTestExecutionListener, org.springframework.test.context.support.DirtiesContextBeforeModesTestExecutionListener, org.springframework.test.context.support.DependencyInjectionTestExecutionListener, org.springframework.test.context.support.DirtiesContextTestExecutionListener, org.springframework.test.context.transaction.TransactionalTestExecutionListener, org.springframework.test.context.jdbc.SqlScriptsTestExecutionListener]
17:59:37.697 [main] INFO org.springframework.boot.test.context.SpringBootTestContextBootstrapper - Using TestExecutionListeners: [org.springframework.test.context.web.ServletTestExecutionListener@6e509ffa, org.springframework.test.context.support.DirtiesContextBeforeModesTestExecutionListener@2898ac89, org.springframework.boot.test.mock.mockito.MockitoTestExecutionListener@683dbc2c, org.springframework.boot.test.autoconfigure.SpringBootDependencyInjectionTestExecutionListener@68267da0, org.springframework.test.context.support.DirtiesContextTestExecutionListener@2638011, org.springframework.test.context.transaction.TransactionalTestExecutionListener@6ff29830, org.springframework.test.context.jdbc.SqlScriptsTestExecutionListener@6a2b953e, org.springframework.boot.test.mock.mockito.ResetMocksTestExecutionListener@313b2ea6, org.springframework.boot.test.autoconfigure.restdocs.RestDocsTestExecutionListener@2f465398, org.springframework.boot.test.autoconfigure.web.client.MockRestServiceServerResetTestExecutionListener@548e6d58, org.springframework.boot.test.autoconfigure.web.servlet.MockMvcPrintOnlyOnFailureTestExecutionListener@623a8092, org.springframework.boot.test.autoconfigure.web.servlet.WebDriverTestExecutionListener@a1cdc6d]
17:59:37.713 [main] DEBUG org.springframework.test.annotation.ProfileValueUtils - Retrieved @ProfileValueSourceConfiguration [null] for test class [net.originmobi.pdv.PdvApplicationTests]
17:59:37.713 [main] DEBUG org.springframework.test.annotation.ProfileValueUtils - Retrieved ProfileValueSource type [class org.springframework.test.annotation.SystemProfileValueSource] for class [net.originmobi.pdv.PdvApplicationTests]
17:59:37.713 [main] DEBUG org.springframework.test.annotation.ProfileValueUtils - Retrieved @ProfileValueSourceConfiguration [null] for test class [net.originmobi.pdv.PdvApplicationTests]
17:59:37.713 [main] DEBUG org.springframework.test.annotation.ProfileValueUtils - Retrieved ProfileValueSource type [class org.springframework.test.annotation.SystemProfileValueSource] for class [net.originmobi.pdv.PdvApplicationTests]
17:59:37.713 [main] DEBUG org.springframework.test.annotation.ProfileValueUtils - Retrieved @ProfileValueSourceConfiguration [null] for test class [net.originmobi.pdv.PdvApplicationTests]
17:59:37.713 [main] DEBUG org.springframework.test.annotation.ProfileValueUtils - Retrieved ProfileValueSource type [class org.springframework.test.annotation.SystemProfileValueSource] for class [net.originmobi.pdv.PdvApplicationTests]
17:59:37.713 [main] DEBUG org.springframework.test.context.support.AbstractDirtiesContextTestExecutionListener - Before test class: context [DefaultTestContext@568ff82 testClass = PdvApplicationTests, testInstance = [null], testMethod = [null], testException = [null], mergedContextConfiguration = [WebMergedContextConfiguration@50caa560 testClass = PdvApplicationTests, locations = '{}', classes = '{class net.originmobi.pdv.PdvApplication, class net.originmobi.pdv.security.TestSecurityConfig}', contextInitializerClasses = '[]', activeProfiles = '{}', propertySourceLocations = '{}', propertySourceProperties = '{org.springframework.boot.test.context.SpringBootTestContextBootstrapper=true}', contextCustomizers = set[org.springframework.boot.test.context.filter.ExcludeFilterContextCustomizer@25359ed8, org.springframework.boot.test.json.DuplicateJsonObjectContextCustomizerFactory$DuplicateJsonObjectContextCustomizer@80ec1f8, org.springframework.boot.test.mock.mockito.MockitoContextCustomizer@0, org.springframework.boot.test.web.client.TestRestTemplateContextCustomizer@19dc67c2, org.springframework.boot.test.autoconfigure.properties.PropertyMappingContextCustomizer@0, org.springframework.boot.test.autoconfigure.web.servlet.WebDriverContextCustomizerFactory$Customizer@345965f2], resourceBasePath = 'src/main/webapp', contextLoader = 'org.springframework.boot.test.context.SpringBootContextLoader', parent = [null]], attributes = map['org.springframework.test.context.web.ServletTestExecutionListener.activateListener' -> true]], class annotated with @DirtiesContext [false] with mode [null].
17:59:37.713 [main] DEBUG org.springframework.test.annotation.ProfileValueUtils - Retrieved @ProfileValueSourceConfiguration [null] for test class [net.originmobi.pdv.PdvApplicationTests]
17:59:37.713 [main] DEBUG org.springframework.test.annotation.ProfileValueUtils - Retrieved ProfileValueSource type [class org.springframework.test.annotation.SystemProfileValueSource] for class [net.originmobi.pdv.PdvApplicationTests]
17:59:37.728 [main] DEBUG org.springframework.core.env.StandardEnvironment - Adding PropertySource 'systemProperties' with lowest search precedence
17:59:37.728 [main] DEBUG org.springframework.core.env.StandardEnvironment - Adding PropertySource 'systemEnvironment' with lowest search precedence
17:59:37.728 [main] DEBUG org.springframework.core.env.StandardEnvironment - Initialized StandardEnvironment with PropertySources [MapPropertySource@1954471782 {name='systemProperties', properties={java.runtime.name=Java(TM) SE Runtime Environment, sun.boot.library.path=C:\Program Files\Java\jdk1.8.0_202\jre\bin, java.vm.version=25.202-b08, java.vm.vendor=Oracle Corporation, java.vendor.url=http://java.oracle.com/, path.separator=;, java.vm.name=Java HotSpot(TM) 64-Bit Server VM, file.encoding.pkg=sun.io, user.country=BR, user.script=, sun.java.launcher=SUN_STANDARD, sun.os.patch.level=, java.vm.specification.name=Java Virtual Machine Specification, user.dir=C:\Users\lnata\projetos\pdv, java.runtime.version=1.8.0_202-b08, basedir=C:\Users\lnata\projetos\pdv, java.awt.graphicsenv=sun.awt.Win32GraphicsEnvironment, java.endorsed.dirs=C:\Program Files\Java\jdk1.8.0_202\jre\lib\endorsed, os.arch=amd64, surefire.real.class.path=C:\Users\lnata\AppData\Local\Temp\surefire6987295932592062545\surefirebooter7606162314282194658.jar, java.io.tmpdir=C:\Users\lnata\AppData\Local\Temp\, line.separator=
, java.vm.specification.vendor=Oracle Corporation, user.variant=, os.name=Windows 10, sun.jnu.encoding=Cp1252, java.library.path=C:\Program Files\Java\jdk1.8.0_202\jre\bin;C:\WINDOWS\Sun\Java\bin;C:\WINDOWS\system32;C:\WINDOWS;C:\Users\lnata\bin;C:\Program Files\Git\mingw64\bin;C:\Program Files\Git\usr\local\bin;C:\Program Files\Git\usr\bin;C:\Program Files\Git\usr\bin;C:\Program Files\Git\mingw64\bin;C:\Program Files\Git\usr\bin;C:\Users\lnata\bin;C:\Program Files (x86)\Common Files\Oracle\Java\javapath;C:\Program Files\Common Files\Oracle\Java\javapath;C:\WINDOWS\system32;C:\WINDOWS;C:\WINDOWS\System32\Wbem;C:\WINDOWS\System32\WindowsPowerShell\v1.0;C:\WINDOWS\System32\OpenSSH;C:\Program Files\Git\cmd;C:\Program Files\Calibre2;C:\Program Files\dotnet;C:\Users\lnata\AppData\Local\Programs\Python\Python311\Scripts;C:\Users\lnata\AppData\Local\Programs\Python\Python311;C:\Program Files\Docker\Docker\resources\bin;C:\Users\lnata\.cargo\bin;C:\Program Files\MySQL\MySQL Shell 8.0\bin;C:\Users\lnata\AppData\Local\Microsoft\WindowsApps;C:\Users\lnata\AppData\Local\Programs\Microsoft VS Code\bin;C:\Program Files\apache-maven-3.8.7\bin;C:\Users\lnata\AppData\Local\Programs\Python\Python311\Scripts;C:\Program Files\JetBrains\PyCharm 2023.1\bin;C:\Program Files\Git\usr\bin\vendor_perl;C:\Program Files\Git\usr\bin\core_perl;., surefire.test.class.path=C:\Users\lnata\projetos\pdv\target\test-classes;C:\Users\lnata\projetos\pdv\target\classes;C:\Users\lnata\.m2\repository\org\springframework\boot\spring-boot-starter-data-jpa\2.0.2.RELEASE\spring-boot-starter-data-jpa-2.0.2.RELEASE.jar;C:\Users\lnata\.m2\repository\org\springframework\boot\spring-boot-starter\2.0.2.RELEASE\spring-boot-starter-2.0.2.RELEASE.jar;C:\Users\lnata\.m2\repository\org\springframework\boot\spring-boot-starter-logging\2.0.2.RELEASE\spring-boot-starter-logging-2.0.2.RELEASE.jar;C:\Users\lnata\.m2\repository\ch\qos\logback\logback-classic\1.2.3\logback-classic-1.2.3.jar;C:\Users\lnata\.m2\repository\ch\qos\logback\logback-core\1.2.3\logback-core-1.2.3.jar;C:\Users\lnata\.m2\repository\org\apache\logging\log4j\log4j-to-slf4j\2.10.0\log4j-to-slf4j-2.10.0.jar;C:\Users\lnata\.m2\repository\org\apache\logging\log4j\log4j-api\2.10.0\log4j-api-2.10.0.jar;C:\Users\lnata\.m2\repository\org\slf4j\jul-to-slf4j\1.7.25\jul-to-slf4j-1.7.25.jar;C:\Users\lnata\.m2\repository\org\yaml\snakeyaml\1.19\snakeyaml-1.19.jar;C:\Users\lnata\.m2\repository\org\springframework\boot\spring-boot-starter-aop\2.0.2.RELEASE\spring-boot-starter-aop-2.0.2.RELEASE.jar;C:\Users\lnata\.m2\repository\org\aspectj\aspectjweaver\1.8.13\aspectjweaver-1.8.13.jar;C:\Users\lnata\.m2\repository\org\hibernate\hibernate-core\5.2.17.Final\hibernate-core-5.2.17.Final.jar;C:\Users\lnata\.m2\repository\org\jboss\logging\jboss-logging\3.3.2.Final\jboss-logging-3.3.2.Final.jar;C:\Users\lnata\.m2\repository\org\hibernate\javax\persistence\hibernate-jpa-2.1-api\1.0.0.Final\hibernate-jpa-2.1-api-1.0.0.Final.jar;C:\Users\lnata\.m2\repository\org\javassist\javassist\3.22.0-GA\javassist-3.22.0-GA.jar;C:\Users\lnata\.m2\repository\antlr\antlr\2.7.7\antlr-2.7.7.jar;C:\Users\lnata\.m2\repository\org\jboss\jandex\2.0.3.Final\jandex-2.0.3.Final.jar;C:\Users\lnata\.m2\repository\com\fasterxml\classmate\1.3.4\classmate-1.3.4.jar;C:\Users\lnata\.m2\repository\dom4j\dom4j\1.6.1\dom4j-1.6.1.jar;C:\Users\lnata\.m2\repository\org\hibernate\common\hibernate-commons-annotations\5.0.1.Final\hibernate-commons-annotations-5.0.1.Final.jar;C:\Users\lnata\.m2\repository\javax\transaction\javax.transaction-api\1.2\javax.transaction-api-1.2.jar;C:\Users\lnata\.m2\repository\org\springframework\data\spring-data-jpa\2.0.7.RELEASE\spring-data-jpa-2.0.7.RELEASE.jar;C:\Users\lnata\.m2\repository\org\springframework\data\spring-data-commons\2.0.7.RELEASE\spring-data-commons-2.0.7.RELEASE.jar;C:\Users\lnata\.m2\repository\org\springframework\spring-orm\5.0.6.RELEASE\spring-orm-5.0.6.RELEASE.jar;C:\Users\lnata\.m2\repository\org\springframework\spring-context\5.0.6.RELEASE\spring-context-5.0.6.RELEASE.jar;C:\Users\lnata\.m2\repository\org\springframework\spring-tx\5.0.6.RELEASE\spring-tx-5.0.6.RELEASE.jar;C:\Users\lnata\.m2\repository\org\springframework\spring-beans\5.0.6.RELEASE\spring-beans-5.0.6.RELEASE.jar;C:\Users\lnata\.m2\repository\org\springframework\spring-aspects\5.0.6.RELEASE\spring-aspects-5.0.6.RELEASE.jar;C:\Users\lnata\.m2\repository\org\springframework\boot\spring-boot-starter-jdbc\2.0.2.RELEASE\spring-boot-starter-jdbc-2.0.2.RELEASE.jar;C:\Users\lnata\.m2\repository\com\zaxxer\HikariCP\2.7.9\HikariCP-2.7.9.jar;C:\Users\lnata\.m2\repository\org\springframework\spring-jdbc\5.0.6.RELEASE\spring-jdbc-5.0.6.RELEASE.jar;C:\Users\lnata\.m2\repository\org\flywaydb\flyway-core\5.0.7\flyway-core-5.0.7.jar;C:\Users\lnata\.m2\repository\org\springframework\boot\spring-boot-starter-thymeleaf\2.0.2.RELEASE\spring-boot-starter-thymeleaf-2.0.2.RELEASE.jar;C:\Users\lnata\.m2\repository\org\thymeleaf\thymeleaf-spring5\3.0.9.RELEASE\thymeleaf-spring5-3.0.9.RELEASE.jar;C:\Users\lnata\.m2\repository\org\thymeleaf\extras\thymeleaf-extras-java8time\3.0.1.RELEASE\thymeleaf-extras-java8time-3.0.1.RELEASE.jar;C:\Users\lnata\.m2\repository\org\springframework\boot\spring-boot-starter-web\2.0.2.RELEASE\spring-boot-starter-web-2.0.2.RELEASE.jar;C:\Users\lnata\.m2\repository\org\springframework\boot\spring-boot-starter-json\2.0.2.RELEASE\spring-boot-starter-json-2.0.2.RELEASE.jar;C:\Users\lnata\.m2\repository\com\fasterxml\jackson\datatype\jackson-datatype-jdk8\2.9.5\jackson-datatype-jdk8-2.9.5.jar;C:\Users\lnata\.m2\repository\com\fasterxml\jackson\datatype\jackson-datatype-jsr310\2.9.5\jackson-datatype-jsr310-2.9.5.jar;C:\Users\lnata\.m2\repository\com\fasterxml\jackson\module\jackson-module-parameter-names\2.9.5\jackson-module-parameter-names-2.9.5.jar;C:\Users\lnata\.m2\repository\org\hibernate\validator\hibernate-validator\6.0.9.Final\hibernate-validator-6.0.9.Final.jar;C:\Users\lnata\.m2\repository\javax\validation\validation-api\2.0.1.Final\validation-api-2.0.1.Final.jar;C:\Users\lnata\.m2\repository\org\springframework\spring-web\5.0.6.RELEASE\spring-web-5.0.6.RELEASE.jar;C:\Users\lnata\.m2\repository\org\springframework\spring-webmvc\5.0.6.RELEASE\spring-webmvc-5.0.6.RELEASE.jar;C:\Users\lnata\.m2\repository\org\springframework\spring-expression\5.0.6.RELEASE\spring-expression-5.0.6.RELEASE.jar;C:\Users\lnata\.m2\repository\org\springframework\boot\spring-boot-devtools\2.0.2.RELEASE\spring-boot-devtools-2.0.2.RELEASE.jar;C:\Users\lnata\.m2\repository\org\springframework\boot\spring-boot\2.0.2.RELEASE\spring-boot-2.0.2.RELEASE.jar;C:\Users\lnata\.m2\repository\org\springframework\boot\spring-boot-autoconfigure\2.0.2.RELEASE\spring-boot-autoconfigure-2.0.2.RELEASE.jar;C:\Users\lnata\.m2\repository\mysql\mysql-connector-java\5.1.46\mysql-connector-java-5.1.46.jar;C:\Users\lnata\.m2\repository\org\springframework\boot\spring-boot-starter-tomcat\2.0.2.RELEASE\spring-boot-starter-tomcat-2.0.2.RELEASE.jar;C:\Users\lnata\.m2\repository\javax\annotation\javax.annotation-api\1.3.2\javax.annotation-api-1.3.2.jar;C:\Users\lnata\.m2\repository\org\apache\tomcat\embed\tomcat-embed-core\8.5.31\tomcat-embed-core-8.5.31.jar;C:\Users\lnata\.m2\repository\org\apache\tomcat\embed\tomcat-embed-el\8.5.31\tomcat-embed-el-8.5.31.jar;C:\Users\lnata\.m2\repository\org\apache\tomcat\embed\tomcat-embed-websocket\8.5.31\tomcat-embed-websocket-8.5.31.jar;C:\Users\lnata\.m2\repository\org\springframework\boot\spring-boot-starter-test\2.0.2.RELEASE\spring-boot-starter-test-2.0.2.RELEASE.jar;C:\Users\lnata\.m2\repository\org\springframework\boot\spring-boot-test\2.0.2.RELEASE\spring-boot-test-2.0.2.RELEASE.jar;C:\Users\lnata\.m2\repository\org\springframework\boot\spring-boot-test-autoconfigure\2.0.2.RELEASE\spring-boot-test-autoconfigure-2.0.2.RELEASE.jar;C:\Users\lnata\.m2\repository\com\jayway\jsonpath\json-path\2.4.0\json-path-2.4.0.jar;C:\Users\lnata\.m2\repository\net\minidev\json-smart\2.3\json-smart-2.3.jar;C:\Users\lnata\.m2\repository\net\minidev\accessors-smart\1.2\accessors-smart-1.2.jar;C:\Users\lnata\.m2\repository\org\ow2\asm\asm\5.0.4\asm-5.0.4.jar;C:\Users\lnata\.m2\repository\junit\junit\4.12\junit-4.12.jar;C:\Users\lnata\.m2\repository\org\assertj\assertj-core\3.9.1\assertj-core-3.9.1.jar;C:\Users\lnata\.m2\repository\org\mockito\mockito-core\2.15.0\mockito-core-2.15.0.jar;C:\Users\lnata\.m2\repository\net\bytebuddy\byte-buddy\1.7.11\byte-buddy-1.7.11.jar;C:\Users\lnata\.m2\repository\net\bytebuddy\byte-buddy-agent\1.7.11\byte-buddy-agent-1.7.11.jar;C:\Users\lnata\.m2\repository\org\objenesis\objenesis\2.6\objenesis-2.6.jar;C:\Users\lnata\.m2\repository\org\hamcrest\hamcrest-core\1.3\hamcrest-core-1.3.jar;C:\Users\lnata\.m2\repository\org\hamcrest\hamcrest-library\1.3\hamcrest-library-1.3.jar;C:\Users\lnata\.m2\repository\org\skyscreamer\jsonassert\1.5.0\jsonassert-1.5.0.jar;C:\Users\lnata\.m2\repository\com\vaadin\external\google\android-json\0.0.20131108.vaadin1\android-json-0.0.20131108.vaadin1.jar;C:\Users\lnata\.m2\repository\org\springframework\spring-core\5.0.6.RELEASE\spring-core-5.0.6.RELEASE.jar;C:\Users\lnata\.m2\repository\org\springframework\spring-jcl\5.0.6.RELEASE\spring-jcl-5.0.6.RELEASE.jar;C:\Users\lnata\.m2\repository\org\springframework\spring-test\5.0.6.RELEASE\spring-test-5.0.6.RELEASE.jar;C:\Users\lnata\.m2\repository\org\xmlunit\xmlunit-core\2.5.1\xmlunit-core-2.5.1.jar;C:\Users\lnata\.m2\repository\org\springframework\boot\spring-boot-starter-security\2.0.2.RELEASE\spring-boot-starter-security-2.0.2.RELEASE.jar;C:\Users\lnata\.m2\repository\org\springframework\spring-aop\5.0.6.RELEASE\spring-aop-5.0.6.RELEASE.jar;C:\Users\lnata\.m2\repository\org\springframework\security\spring-security-config\5.0.5.RELEASE\spring-security-config-5.0.5.RELEASE.jar;C:\Users\lnata\.m2\repository\org\springframework\security\spring-security-core\5.0.5.RELEASE\spring-security-core-5.0.5.RELEASE.jar;C:\Users\lnata\.m2\repository\org\springframework\security\spring-security-web\5.0.5.RELEASE\spring-security-web-5.0.5.RELEASE.jar;C:\Users\lnata\.m2\repository\org\thymeleaf\extras\thymeleaf-extras-springsecurity4\3.0.2.RELEASE\thymeleaf-extras-springsecurity4-3.0.2.RELEASE.jar;C:\Users\lnata\.m2\repository\org\slf4j\slf4j-api\1.7.25\slf4j-api-1.7.25.jar;C:\Users\lnata\.m2\repository\com\ibm\icu\icu4j\51.3\icu4j-51.3.jar;C:\Users\lnata\.m2\repository\commons-lang\commons-lang\2.6\commons-lang-2.6.jar;C:\Users\lnata\.m2\repository\nz\net\ultraq\thymeleaf\thymeleaf-layout-dialect\2.3.0\thymeleaf-layout-dialect-2.3.0.jar;C:\Users\lnata\.m2\repository\nz\net\ultraq\thymeleaf\thymeleaf-expression-processor\1.1.3\thymeleaf-expression-processor-1.1.3.jar;C:\Users\lnata\.m2\repository\org\codehaus\groovy\groovy\2.4.15\groovy-2.4.15.jar;C:\Users\lnata\.m2\repository\org\thymeleaf\thymeleaf\3.0.9.RELEASE\thymeleaf-3.0.9.RELEASE.jar;C:\Users\lnata\.m2\repository\ognl\ognl\3.1.12\ognl-3.1.12.jar;C:\Users\lnata\.m2\repository\org\attoparser\attoparser\2.0.4.RELEASE\attoparser-2.0.4.RELEASE.jar;C:\Users\lnata\.m2\repository\org\unbescape\unbescape\1.1.5.RELEASE\unbescape-1.1.5.RELEASE.jar;C:\Users\lnata\.m2\repository\net\sf\jasperreports\jasperreports\6.17.0\jasperreports-6.17.0.jar;C:\Users\lnata\.m2\repository\commons-beanutils\commons-beanutils\1.9.4\commons-beanutils-1.9.4.jar;C:\Users\lnata\.m2\repository\commons-collections\commons-collections\3.2.2\commons-collections-3.2.2.jar;C:\Users\lnata\.m2\repository\commons-digester\commons-digester\2.1\commons-digester-2.1.jar;C:\Users\lnata\.m2\repository\commons-logging\commons-logging\1.1.1\commons-logging-1.1.1.jar;C:\Users\lnata\.m2\repository\org\apache\commons\commons-collections4\4.2\commons-collections4-4.2.jar;C:\Users\lnata\.m2\repository\com\lowagie\itext\2.1.7.js8\itext-2.1.7.js8.jar;C:\Users\lnata\.m2\repository\org\bouncycastle\bcprov-jdk15on\1.64\bcprov-jdk15on-1.64.jar;C:\Users\lnata\.m2\repository\org\jfree\jcommon\1.0.23\jcommon-1.0.23.jar;C:\Users\lnata\.m2\repository\org\jfree\jfreechart\1.0.19\jfreechart-1.0.19.jar;C:\Users\lnata\.m2\repository\org\eclipse\jdt\ecj\3.21.0\ecj-3.21.0.jar;C:\Users\lnata\.m2\repository\org\codehaus\castor\castor-xml\1.4.1\castor-xml-1.4.1.jar;C:\Users\lnata\.m2\repository\org\codehaus\castor\castor-core\1.4.1\castor-core-1.4.1.jar;C:\Users\lnata\.m2\repository\org\apache\commons\commons-lang3\3.7\commons-lang3-3.7.jar;C:\Users\lnata\.m2\repository\javax\inject\javax.inject\1\javax.inject-1.jar;C:\Users\lnata\.m2\repository\com\fasterxml\jackson\core\jackson-core\2.9.5\jackson-core-2.9.5.jar;C:\Users\lnata\.m2\repository\com\fasterxml\jackson\core\jackson-databind\2.9.5\jackson-databind-2.9.5.jar;C:\Users\lnata\.m2\repository\com\fasterxml\jackson\core\jackson-annotations\2.9.0\jackson-annotations-2.9.0.jar;C:\Users\lnata\.m2\repository\com\thoughtworks\xstream\xstream\1.4.19\xstream-1.4.19.jar;C:\Users\lnata\.m2\repository\io\github\x-stream\mxparser\1.2.2\mxparser-1.2.2.jar;C:\Users\lnata\.m2\repository\xmlpull\xmlpull\1.1.3.1\xmlpull-1.1.3.1.jar;C:\Users\lnata\.m2\repository\org\powermock\powermock-module-junit4\2.0.9\powermock-module-junit4-2.0.9.jar;C:\Users\lnata\.m2\repository\org\powermock\powermock-module-junit4-common\2.0.9\powermock-module-junit4-common-2.0.9.jar;C:\Users\lnata\.m2\repository\org\powermock\powermock-reflect\2.0.9\powermock-reflect-2.0.9.jar;C:\Users\lnata\.m2\repository\org\powermock\powermock-core\2.0.9\powermock-core-2.0.9.jar;, java.specification.name=Java Platform API Specification, java.class.version=52.0, sun.management.compiler=HotSpot 64-Bit Tiered Compilers, os.version=10.0, user.home=C:\Users\lnata, user.timezone=America/Sao_Paulo, java.awt.printerjob=sun.awt.windows.WPrinterJob, file.encoding=Cp1252, java.specification.version=1.8, java.class.path=C:\Users\lnata\projetos\pdv\target\test-classes;C:\Users\lnata\projetos\pdv\target\classes;C:\Users\lnata\.m2\repository\org\springframework\boot\spring-boot-starter-data-jpa\2.0.2.RELEASE\spring-boot-starter-data-jpa-2.0.2.RELEASE.jar;C:\Users\lnata\.m2\repository\org\springframework\boot\spring-boot-starter\2.0.2.RELEASE\spring-boot-starter-2.0.2.RELEASE.jar;C:\Users\lnata\.m2\repository\org\springframework\boot\spring-boot-starter-logging\2.0.2.RELEASE\spring-boot-starter-logging-2.0.2.RELEASE.jar;C:\Users\lnata\.m2\repository\ch\qos\logback\logback-classic\1.2.3\logback-classic-1.2.3.jar;C:\Users\lnata\.m2\repository\ch\qos\logback\logback-core\1.2.3\logback-core-1.2.3.jar;C:\Users\lnata\.m2\repository\org\apache\logging\log4j\log4j-to-slf4j\2.10.0\log4j-to-slf4j-2.10.0.jar;C:\Users\lnata\.m2\repository\org\apache\logging\log4j\log4j-api\2.10.0\log4j-api-2.10.0.jar;C:\Users\lnata\.m2\repository\org\slf4j\jul-to-slf4j\1.7.25\jul-to-slf4j-1.7.25.jar;C:\Users\lnata\.m2\repository\org\yaml\snakeyaml\1.19\snakeyaml-1.19.jar;C:\Users\lnata\.m2\repository\org\springframework\boot\spring-boot-starter-aop\2.0.2.RELEASE\spring-boot-starter-aop-2.0.2.RELEASE.jar;C:\Users\lnata\.m2\repository\org\aspectj\aspectjweaver\1.8.13\aspectjweaver-1.8.13.jar;C:\Users\lnata\.m2\repository\org\hibernate\hibernate-core\5.2.17.Final\hibernate-core-5.2.17.Final.jar;C:\Users\lnata\.m2\repository\org\jboss\logging\jboss-logging\3.3.2.Final\jboss-logging-3.3.2.Final.jar;C:\Users\lnata\.m2\repository\org\hibernate\javax\persistence\hibernate-jpa-2.1-api\1.0.0.Final\hibernate-jpa-2.1-api-1.0.0.Final.jar;C:\Users\lnata\.m2\repository\org\javassist\javassist\3.22.0-GA\javassist-3.22.0-GA.jar;C:\Users\lnata\.m2\repository\antlr\antlr\2.7.7\antlr-2.7.7.jar;C:\Users\lnata\.m2\repository\org\jboss\jandex\2.0.3.Final\jandex-2.0.3.Final.jar;C:\Users\lnata\.m2\repository\com\fasterxml\classmate\1.3.4\classmate-1.3.4.jar;C:\Users\lnata\.m2\repository\dom4j\dom4j\1.6.1\dom4j-1.6.1.jar;C:\Users\lnata\.m2\repository\org\hibernate\common\hibernate-commons-annotations\5.0.1.Final\hibernate-commons-annotations-5.0.1.Final.jar;C:\Users\lnata\.m2\repository\javax\transaction\javax.transaction-api\1.2\javax.transaction-api-1.2.jar;C:\Users\lnata\.m2\repository\org\springframework\data\spring-data-jpa\2.0.7.RELEASE\spring-data-jpa-2.0.7.RELEASE.jar;C:\Users\lnata\.m2\repository\org\springframework\data\spring-data-commons\2.0.7.RELEASE\spring-data-commons-2.0.7.RELEASE.jar;C:\Users\lnata\.m2\repository\org\springframework\spring-orm\5.0.6.RELEASE\spring-orm-5.0.6.RELEASE.jar;C:\Users\lnata\.m2\repository\org\springframework\spring-context\5.0.6.RELEASE\spring-context-5.0.6.RELEASE.jar;C:\Users\lnata\.m2\repository\org\springframework\spring-tx\5.0.6.RELEASE\spring-tx-5.0.6.RELEASE.jar;C:\Users\lnata\.m2\repository\org\springframework\spring-beans\5.0.6.RELEASE\spring-beans-5.0.6.RELEASE.jar;C:\Users\lnata\.m2\repository\org\springframework\spring-aspects\5.0.6.RELEASE\spring-aspects-5.0.6.RELEASE.jar;C:\Users\lnata\.m2\repository\org\springframework\boot\spring-boot-starter-jdbc\2.0.2.RELEASE\spring-boot-starter-jdbc-2.0.2.RELEASE.jar;C:\Users\lnata\.m2\repository\com\zaxxer\HikariCP\2.7.9\HikariCP-2.7.9.jar;C:\Users\lnata\.m2\repository\org\springframework\spring-jdbc\5.0.6.RELEASE\spring-jdbc-5.0.6.RELEASE.jar;C:\Users\lnata\.m2\repository\org\flywaydb\flyway-core\5.0.7\flyway-core-5.0.7.jar;C:\Users\lnata\.m2\repository\org\springframework\boot\spring-boot-starter-thymeleaf\2.0.2.RELEASE\spring-boot-starter-thymeleaf-2.0.2.RELEASE.jar;C:\Users\lnata\.m2\repository\org\thymeleaf\thymeleaf-spring5\3.0.9.RELEASE\thymeleaf-spring5-3.0.9.RELEASE.jar;C:\Users\lnata\.m2\repository\org\thymeleaf\extras\thymeleaf-extras-java8time\3.0.1.RELEASE\thymeleaf-extras-java8time-3.0.1.RELEASE.jar;C:\Users\lnata\.m2\repository\org\springframework\boot\spring-boot-starter-web\2.0.2.RELEASE\spring-boot-starter-web-2.0.2.RELEASE.jar;C:\Users\lnata\.m2\repository\org\springframework\boot\spring-boot-starter-json\2.0.2.RELEASE\spring-boot-starter-json-2.0.2.RELEASE.jar;C:\Users\lnata\.m2\repository\com\fasterxml\jackson\datatype\jackson-datatype-jdk8\2.9.5\jackson-datatype-jdk8-2.9.5.jar;C:\Users\lnata\.m2\repository\com\fasterxml\jackson\datatype\jackson-datatype-jsr310\2.9.5\jackson-datatype-jsr310-2.9.5.jar;C:\Users\lnata\.m2\repository\com\fasterxml\jackson\module\jackson-module-parameter-names\2.9.5\jackson-module-parameter-names-2.9.5.jar;C:\Users\lnata\.m2\repository\org\hibernate\validator\hibernate-validator\6.0.9.Final\hibernate-validator-6.0.9.Final.jar;C:\Users\lnata\.m2\repository\javax\validation\validation-api\2.0.1.Final\validation-api-2.0.1.Final.jar;C:\Users\lnata\.m2\repository\org\springframework\spring-web\5.0.6.RELEASE\spring-web-5.0.6.RELEASE.jar;C:\Users\lnata\.m2\repository\org\springframework\spring-webmvc\5.0.6.RELEASE\spring-webmvc-5.0.6.RELEASE.jar;C:\Users\lnata\.m2\repository\org\springframework\spring-expression\5.0.6.RELEASE\spring-expression-5.0.6.RELEASE.jar;C:\Users\lnata\.m2\repository\org\springframework\boot\spring-boot-devtools\2.0.2.RELEASE\spring-boot-devtools-2.0.2.RELEASE.jar;C:\Users\lnata\.m2\repository\org\springframework\boot\spring-boot\2.0.2.RELEASE\spring-boot-2.0.2.RELEASE.jar;C:\Users\lnata\.m2\repository\org\springframework\boot\spring-boot-autoconfigure\2.0.2.RELEASE\spring-boot-autoconfigure-2.0.2.RELEASE.jar;C:\Users\lnata\.m2\repository\mysql\mysql-connector-java\5.1.46\mysql-connector-java-5.1.46.jar;C:\Users\lnata\.m2\repository\org\springframework\boot\spring-boot-starter-tomcat\2.0.2.RELEASE\spring-boot-starter-tomcat-2.0.2.RELEASE.jar;C:\Users\lnata\.m2\repository\javax\annotation\javax.annotation-api\1.3.2\javax.annotation-api-1.3.2.jar;C:\Users\lnata\.m2\repository\org\apache\tomcat\embed\tomcat-embed-core\8.5.31\tomcat-embed-core-8.5.31.jar;C:\Users\lnata\.m2\repository\org\apache\tomcat\embed\tomcat-embed-el\8.5.31\tomcat-embed-el-8.5.31.jar;C:\Users\lnata\.m2\repository\org\apache\tomcat\embed\tomcat-embed-websocket\8.5.31\tomcat-embed-websocket-8.5.31.jar;C:\Users\lnata\.m2\repository\org\springframework\boot\spring-boot-starter-test\2.0.2.RELEASE\spring-boot-starter-test-2.0.2.RELEASE.jar;C:\Users\lnata\.m2\repository\org\springframework\boot\spring-boot-test\2.0.2.RELEASE\spring-boot-test-2.0.2.RELEASE.jar;C:\Users\lnata\.m2\repository\org\springframework\boot\spring-boot-test-autoconfigure\2.0.2.RELEASE\spring-boot-test-autoconfigure-2.0.2.RELEASE.jar;C:\Users\lnata\.m2\repository\com\jayway\jsonpath\json-path\2.4.0\json-path-2.4.0.jar;C:\Users\lnata\.m2\repository\net\minidev\json-smart\2.3\json-smart-2.3.jar;C:\Users\lnata\.m2\repository\net\minidev\accessors-smart\1.2\accessors-smart-1.2.jar;C:\Users\lnata\.m2\repository\org\ow2\asm\asm\5.0.4\asm-5.0.4.jar;C:\Users\lnata\.m2\repository\junit\junit\4.12\junit-4.12.jar;C:\Users\lnata\.m2\repository\org\assertj\assertj-core\3.9.1\assertj-core-3.9.1.jar;C:\Users\lnata\.m2\repository\org\mockito\mockito-core\2.15.0\mockito-core-2.15.0.jar;C:\Users\lnata\.m2\repository\net\bytebuddy\byte-buddy\1.7.11\byte-buddy-1.7.11.jar;C:\Users\lnata\.m2\repository\net\bytebuddy\byte-buddy-agent\1.7.11\byte-buddy-agent-1.7.11.jar;C:\Users\lnata\.m2\repository\org\objenesis\objenesis\2.6\objenesis-2.6.jar;C:\Users\lnata\.m2\repository\org\hamcrest\hamcrest-core\1.3\hamcrest-core-1.3.jar;C:\Users\lnata\.m2\repository\org\hamcrest\hamcrest-library\1.3\hamcrest-library-1.3.jar;C:\Users\lnata\.m2\repository\org\skyscreamer\jsonassert\1.5.0\jsonassert-1.5.0.jar;C:\Users\lnata\.m2\repository\com\vaadin\external\google\android-json\0.0.20131108.vaadin1\android-json-0.0.20131108.vaadin1.jar;C:\Users\lnata\.m2\repository\org\springframework\spring-core\5.0.6.RELEASE\spring-core-5.0.6.RELEASE.jar;C:\Users\lnata\.m2\repository\org\springframework\spring-jcl\5.0.6.RELEASE\spring-jcl-5.0.6.RELEASE.jar;C:\Users\lnata\.m2\repository\org\springframework\spring-test\5.0.6.RELEASE\spring-test-5.0.6.RELEASE.jar;C:\Users\lnata\.m2\repository\org\xmlunit\xmlunit-core\2.5.1\xmlunit-core-2.5.1.jar;C:\Users\lnata\.m2\repository\org\springframework\boot\spring-boot-starter-security\2.0.2.RELEASE\spring-boot-starter-security-2.0.2.RELEASE.jar;C:\Users\lnata\.m2\repository\org\springframework\spring-aop\5.0.6.RELEASE\spring-aop-5.0.6.RELEASE.jar;C:\Users\lnata\.m2\repository\org\springframework\security\spring-security-config\5.0.5.RELEASE\spring-security-config-5.0.5.RELEASE.jar;C:\Users\lnata\.m2\repository\org\springframework\security\spring-security-core\5.0.5.RELEASE\spring-security-core-5.0.5.RELEASE.jar;C:\Users\lnata\.m2\repository\org\springframework\security\spring-security-web\5.0.5.RELEASE\spring-security-web-5.0.5.RELEASE.jar;C:\Users\lnata\.m2\repository\org\thymeleaf\extras\thymeleaf-extras-springsecurity4\3.0.2.RELEASE\thymeleaf-extras-springsecurity4-3.0.2.RELEASE.jar;C:\Users\lnata\.m2\repository\org\slf4j\slf4j-api\1.7.25\slf4j-api-1.7.25.jar;C:\Users\lnata\.m2\repository\com\ibm\icu\icu4j\51.3\icu4j-51.3.jar;C:\Users\lnata\.m2\repository\commons-lang\commons-lang\2.6\commons-lang-2.6.jar;C:\Users\lnata\.m2\repository\nz\net\ultraq\thymeleaf\thymeleaf-layout-dialect\2.3.0\thymeleaf-layout-dialect-2.3.0.jar;C:\Users\lnata\.m2\repository\nz\net\ultraq\thymeleaf\thymeleaf-expression-processor\1.1.3\thymeleaf-expression-processor-1.1.3.jar;C:\Users\lnata\.m2\repository\org\codehaus\groovy\groovy\2.4.15\groovy-2.4.15.jar;C:\Users\lnata\.m2\repository\org\thymeleaf\thymeleaf\3.0.9.RELEASE\thymeleaf-3.0.9.RELEASE.jar;C:\Users\lnata\.m2\repository\ognl\ognl\3.1.12\ognl-3.1.12.jar;C:\Users\lnata\.m2\repository\org\attoparser\attoparser\2.0.4.RELEASE\attoparser-2.0.4.RELEASE.jar;C:\Users\lnata\.m2\repository\org\unbescape\unbescape\1.1.5.RELEASE\unbescape-1.1.5.RELEASE.jar;C:\Users\lnata\.m2\repository\net\sf\jasperreports\jasperreports\6.17.0\jasperreports-6.17.0.jar;C:\Users\lnata\.m2\repository\commons-beanutils\commons-beanutils\1.9.4\commons-beanutils-1.9.4.jar;C:\Users\lnata\.m2\repository\commons-collections\commons-collections\3.2.2\commons-collections-3.2.2.jar;C:\Users\lnata\.m2\repository\commons-digester\commons-digester\2.1\commons-digester-2.1.jar;C:\Users\lnata\.m2\repository\commons-logging\commons-logging\1.1.1\commons-logging-1.1.1.jar;C:\Users\lnata\.m2\repository\org\apache\commons\commons-collections4\4.2\commons-collections4-4.2.jar;C:\Users\lnata\.m2\repository\com\lowagie\itext\2.1.7.js8\itext-2.1.7.js8.jar;C:\Users\lnata\.m2\repository\org\bouncycastle\bcprov-jdk15on\1.64\bcprov-jdk15on-1.64.jar;C:\Users\lnata\.m2\repository\org\jfree\jcommon\1.0.23\jcommon-1.0.23.jar;C:\Users\lnata\.m2\repository\org\jfree\jfreechart\1.0.19\jfreechart-1.0.19.jar;C:\Users\lnata\.m2\repository\org\eclipse\jdt\ecj\3.21.0\ecj-3.21.0.jar;C:\Users\lnata\.m2\repository\org\codehaus\castor\castor-xml\1.4.1\castor-xml-1.4.1.jar;C:\Users\lnata\.m2\repository\org\codehaus\castor\castor-core\1.4.1\castor-core-1.4.1.jar;C:\Users\lnata\.m2\repository\org\apache\commons\commons-lang3\3.7\commons-lang3-3.7.jar;C:\Users\lnata\.m2\repository\javax\inject\javax.inject\1\javax.inject-1.jar;C:\Users\lnata\.m2\repository\com\fasterxml\jackson\core\jackson-core\2.9.5\jackson-core-2.9.5.jar;C:\Users\lnata\.m2\repository\com\fasterxml\jackson\core\jackson-databind\2.9.5\jackson-databind-2.9.5.jar;C:\Users\lnata\.m2\repository\com\fasterxml\jackson\core\jackson-annotations\2.9.0\jackson-annotations-2.9.0.jar;C:\Users\lnata\.m2\repository\com\thoughtworks\xstream\xstream\1.4.19\xstream-1.4.19.jar;C:\Users\lnata\.m2\repository\io\github\x-stream\mxparser\1.2.2\mxparser-1.2.2.jar;C:\Users\lnata\.m2\repository\xmlpull\xmlpull\1.1.3.1\xmlpull-1.1.3.1.jar;C:\Users\lnata\.m2\repository\org\powermock\powermock-module-junit4\2.0.9\powermock-module-junit4-2.0.9.jar;C:\Users\lnata\.m2\repository\org\powermock\powermock-module-junit4-common\2.0.9\powermock-module-junit4-common-2.0.9.jar;C:\Users\lnata\.m2\repository\org\powermock\powermock-reflect\2.0.9\powermock-reflect-2.0.9.jar;C:\Users\lnata\.m2\repository\org\powermock\powermock-core\2.0.9\powermock-core-2.0.9.jar;, user.name=lnata, java.vm.specification.version=1.8, sun.java.command=C:\Users\lnata\AppData\Local\Temp\surefire6987295932592062545\surefirebooter7606162314282194658.jar C:\Users\lnata\AppData\Local\Temp\surefire6987295932592062545 2023-06-18T17-59-36_547-jvmRun1 surefire3565990344632409834tmp surefire_0824621780939491162tmp, java.home=C:\Program Files\Java\jdk1.8.0_202\jre, sun.arch.data.model=64, user.language=pt, java.specification.vendor=Oracle Corporation, awt.toolkit=sun.awt.windows.WToolkit, java.vm.info=mixed mode, java.version=1.8.0_202, java.ext.dirs=C:\Program Files\Java\jdk1.8.0_202\jre\lib\ext;C:\WINDOWS\Sun\Java\lib\ext, sun.boot.class.path=C:\Program Files\Java\jdk1.8.0_202\jre\lib\resources.jar;C:\Program Files\Java\jdk1.8.0_202\jre\lib\rt.jar;C:\Program Files\Java\jdk1.8.0_202\jre\lib\sunrsasign.jar;C:\Program Files\Java\jdk1.8.0_202\jre\lib\jsse.jar;C:\Program Files\Java\jdk1.8.0_202\jre\lib\jce.jar;C:\Program Files\Java\jdk1.8.0_202\jre\lib\charsets.jar;C:\Program Files\Java\jdk1.8.0_202\jre\lib\jfr.jar;C:\Program Files\Java\jdk1.8.0_202\jre\classes, java.vendor=Oracle Corporation, localRepository=C:\Users\lnata\.m2\repository, file.separator=\, java.vendor.url.bug=http://bugreport.sun.com/bugreport/, sun.io.unicode.encoding=UnicodeLittle, sun.cpu.endian=little, sun.desktop=windows, sun.cpu.isalist=amd64}}, SystemEnvironmentPropertySource@1025309396 {name='systemEnvironment', properties={PATH=C:\Users\lnata\bin;C:\Program Files\Git\mingw64\bin;C:\Program Files\Git\usr\local\bin;C:\Program Files\Git\usr\bin;C:\Program Files\Git\usr\bin;C:\Program Files\Git\mingw64\bin;C:\Program Files\Git\usr\bin;C:\Users\lnata\bin;C:\Program Files (x86)\Common Files\Oracle\Java\javapath;C:\Program Files\Common Files\Oracle\Java\javapath;C:\WINDOWS\system32;C:\WINDOWS;C:\WINDOWS\System32\Wbem;C:\WINDOWS\System32\WindowsPowerShell\v1.0;C:\WINDOWS\System32\OpenSSH;C:\Program Files\Git\cmd;C:\Program Files\Calibre2;C:\Program Files\dotnet;C:\Users\lnata\AppData\Local\Programs\Python\Python311\Scripts;C:\Users\lnata\AppData\Local\Programs\Python\Python311;C:\Program Files\Docker\Docker\resources\bin;C:\Users\lnata\.cargo\bin;C:\Program Files\MySQL\MySQL Shell 8.0\bin;C:\Users\lnata\AppData\Local\Microsoft\WindowsApps;C:\Users\lnata\AppData\Local\Programs\Microsoft VS Code\bin;C:\Program Files\apache-maven-3.8.7\bin;C:\Users\lnata\AppData\Local\Programs\Python\Python311\Scripts;C:\Program Files\JetBrains\PyCharm 2023.1\bin;C:\Program Files\Git\usr\bin\vendor_perl;C:\Program Files\Git\usr\bin\core_perl, USERDOMAIN_ROAMINGPROFILE=DESKTOP-ETOHANK, PKG_CONFIG_PATH=C:\Program Files\Git\mingw64\lib\pkgconfig;C:\Program Files\Git\mingw64\share\pkgconfig, MSYSTEM_PREFIX=C:/Program Files/Git/mingw64, PROCESSOR_LEVEL=6, SYSTEMDRIVE=C:, CONFIG_SITE=C:/Program Files/Git/etc/config.site, M2=C:\Program Files\apache-maven-3.8.7\bin, SESSIONNAME=Console, ALLUSERSPROFILE=C:\ProgramData, PROCESSOR_ARCHITECTURE=AMD64, DRIVERDATA=C:\Windows\System32\Drivers\DriverData, MSYSTEM_CHOST=x86_64-w64-mingw32, ORIGINAL_TEMP=C:/Users/lnata/AppData/Local/Temp, PROGRAMFILES=C:\Program Files, PSMODULEPATH=C:\Program Files\WindowsPowerShell\Modules;C:\WINDOWS\system32\WindowsPowerShell\v1.0\Modules, PROGRAMDATA=C:\ProgramData, USERNAME=lnata, PWD=C:/Users/lnata/projetos/pdv, TERM_PROGRAM_VERSION=3.6.3, INFOPATH=C:\Program Files\Git\mingw64\local\info;C:\Program Files\Git\mingw64\share\info;C:\Program Files\Git\usr\local\info;C:\Program Files\Git\usr\share\info;C:\Program Files\Git\usr\info;C:\Program Files\Git\share\info, PKG_CONFIG_SYSTEM_INCLUDE_PATH=C:/Program Files/Git/mingw64/include, FPS_BROWSER_USER_PROFILE_STRING=Default, ONEDRIVE=C:\Users\lnata\OneDrive, PATHEXT=.COM;.EXE;.BAT;.CMD;.VBS;.VBE;.JS;.JSE;.WSF;.WSH;.MSC, SHELL=C:\Program Files\Git\usr\bin\bash.exe, ONEDRIVECONSUMER=C:\Users\lnata\OneDrive, EFC_4804=1, ORIGINAL_TMP=C:/Users/lnata/AppData/Local/Temp, OLDPWD=C:/Users/lnata/projetos/pdv, TMPDIR=C:\Users\lnata\AppData\Local\Temp, WINDIR=C:\WINDOWS, SSH_ASKPASS=C:/Program Files/Git/mingw64/bin/git-askpass.exe, HOMEPATH=\Users\lnata, PROCESSOR_IDENTIFIER=Intel64 Family 6 Model 158 Stepping 10, GenuineIntel, M2_HOME=C:\Program Files\apache-maven-3.8.7, PUBLIC=C:\Users\Public, MINGW_CHOST=x86_64-w64-mingw32, LC_CTYPE=pt_BR.UTF-8, =::=::\, EXEPATH=C:\Program Files\Git, SHLVL=1, LOCALAPPDATA=C:\Users\lnata\AppData\Local, ORIGINAL_PATH=C:\Program Files\Git\mingw64\bin;C:\Program Files\Git\usr\bin;C:\Users\lnata\bin;C:\Program Files (x86)\Common Files\Oracle\Java\javapath;C:\Program Files\Common Files\Oracle\Java\javapath;C:\WINDOWS\system32;C:\WINDOWS;C:\WINDOWS\System32\Wbem;C:\WINDOWS\System32\WindowsPowerShell\v1.0;C:\WINDOWS\System32\OpenSSH;C:\Program Files\Git\cmd;C:\Program Files\Calibre2;C:\Program Files\dotnet;C:\Users\lnata\AppData\Local\Programs\Python\Python311\Scripts;C:\Users\lnata\AppData\Local\Programs\Python\Python311;C:\Program Files\Docker\Docker\resources\bin;C:\Users\lnata\.cargo\bin;C:\Program Files\MySQL\MySQL Shell 8.0\bin;C:\Users\lnata\AppData\Local\Microsoft\WindowsApps;C:\Users\lnata\AppData\Local\Programs\Microsoft VS Code\bin;C:\Program Files\apache-maven-3.8.7\bin;C:\Users\lnata\AppData\Local\Programs\Python\Python311\Scripts;C:\Program Files\JetBrains\PyCharm 2023.1\bin, MANPATH=C:\Program Files\Git\mingw64\local\man;C:\Program Files\Git\mingw64\share\man;C:\Program Files\Git\usr\local\man;C:\Program Files\Git\usr\share\man;C:\Program Files\Git\usr\man;C:\Program Files\Git\share\man, COMMONPROGRAMFILES(X86)=C:\Program Files (x86)\Common Files, MINGW_PACKAGE_PREFIX=mingw-w64-x86_64, USERDOMAIN=DESKTOP-ETOHANK, FPS_BROWSER_APP_PROFILE_STRING=Internet Explorer, LOGONSERVER=\\DESKTOP-ETOHANK, JAVA_HOME=C:/Program Files/Java/jdk1.8.0_202, PLINK_PROTOCOL=ssh, PROMPT=$P$G, PROGRAMFILES(X86)=C:\Program Files (x86), TERM=xterm, MINGW_PREFIX=C:/Program Files/Git/mingw64, DISPLAY=needs-to-be-defined, MSYSTEM=MINGW64, =C:=C:\Users\lnata\projetos\pdv, APPDATA=C:\Users\lnata\AppData\Roaming, PROGRAMW6432=C:\Program Files, SYSTEMROOT=C:\WINDOWS, MAVEN_CMD_LINE_ARGS= clean test, OS=Windows_NT, TERM_PROGRAM=mintty, COMMONPROGRAMW6432=C:\Program Files\Common Files, COMPUTERNAME=DESKTOP-ETOHANK, COMMONPROGRAMFILES=C:\Program Files\Common Files, COMSPEC=C:\WINDOWS\system32\cmd.exe, MAVEN_PROJECTBASEDIR=C:/Users/lnata/projetos/pdv, PROCESSOR_REVISION=9e0a, PYCHARM=C:\Program Files\JetBrains\PyCharm 2023.1\bin;, ACLOCAL_PATH=C:\Program Files\Git\mingw64\share\aclocal;C:\Program Files\Git\usr\share\aclocal, MSYSTEM_CARCH=x86_64, TEMP=C:\Users\lnata\AppData\Local\Temp, HOSTNAME=DESKTOP-ETOHANK, HOMEDRIVE=C:, USERPROFILE=C:\Users\lnata, TMP=C:\Users\lnata\AppData\Local\Temp, NUMBER_OF_PROCESSORS=8, HOME=C:\Users\lnata, PKG_CONFIG_SYSTEM_LIBRARY_PATH=C:/Program Files/Git/mingw64/lib}}]
[...]
2023-06-18 17:59:40.787  INFO 10844 --- [           main] o.hibernate.annotations.common.Version   : HCANN000001: Hibernate Commons Annotations {5.0.1.Final}
2023-06-18 17:59:40.912  INFO 10844 --- [           main] org.hibernate.dialect.Dialect            : HHH000400: Using dialect: org.hibernate.dialect.MySQL5Dialect
2023-06-18 17:59:42.190  INFO 10844 --- [           main] j.LocalContainerEntityManagerFactoryBean : Initialized JPA EntityManagerFactory for persistence unit 'default'
2023-06-18 17:59:42.747  INFO 10844 --- [           main] o.h.h.i.QueryTranslatorFactoryInitiator  : HHH000397: Using ASTQueryTranslatorFactory
2023-06-18 17:59:44.113  WARN 10844 --- [           main] o.s.w.c.s.GenericWebApplicationContext   : Exception encountered during context initialization - cancelling refresh attempt: org.springframework.beans.factory.BeanCreationException: Error creating bean with name 'org.springframework.security.config.annotation.web.configuration.WebSecurityConfiguration': Injection of autowired dependencies failed; nested exception is java.lang.IllegalStateException: @Order on WebSecurityConfigurers must be unique. Order of 100 was already used on net.originmobi.pdv.security.TestSecurityConfig$$EnhancerBySpringCGLIB$$32193eda@1fc0d9b4, so it cannot be used on net.originmobi.pdv.security.SecurityConfig$$EnhancerBySpringCGLIB$$e1f79368@7bbd76b8 too.
2023-06-18 17:59:44.128  INFO 10844 --- [           main] j.LocalContainerEntityManagerFactoryBean : Closing JPA EntityManagerFactory for persistence unit 'default'
2023-06-18 17:59:44.128  INFO 10844 --- [           main] com.zaxxer.hikari.HikariDataSource       : HikariPool-1 - Shutdown initiated...
2023-06-18 17:59:44.144  INFO 10844 --- [           main] com.zaxxer.hikari.HikariDataSource       : HikariPool-1 - Shutdown completed.
2023-06-18 17:59:44.144  INFO 10844 --- [           main] ConditionEvaluationReportLoggingListener : 

Error starting ApplicationContext. To display the conditions report re-run your application with 'debug' enabled.
2023-06-18 17:59:44.159 ERROR 10844 --- [           main] o.s.boot.SpringApplication               : Application run failed

org.springframework.beans.factory.BeanCreationException: Error creating bean with name 'org.springframework.security.config.annotation.web.configuration.WebSecurityConfiguration': Injection of autowired dependencies failed; nested exception is java.lang.IllegalStateException: @Order on WebSecurityConfigurers must be unique. Order of 100 was already used on net.originmobi.pdv.security.TestSecurityConfig$$EnhancerBySpringCGLIB$$32193eda@1fc0d9b4, so it cannot be used on net.originmobi.pdv.security.SecurityConfig$$EnhancerBySpringCGLIB$$e1f79368@7bbd76b8 too.
	at org.springframework.beans.factory.annotation.AutowiredAnnotationBeanPostProcessor.postProcessPropertyValues(AutowiredAnnotationBeanPostProcessor.java:379) ~[spring-beans-5.0.6.RELEASE.jar:5.0.6.RELEASE]
	at org.springframework.beans.factory.support.AbstractAutowireCapableBeanFactory.populateBean(AbstractAutowireCapableBeanFactory.java:1348) ~[spring-beans-5.0.6.RELEASE.jar:5.0.6.RELEASE]
	at org.springframework.beans.factory.support.AbstractAutowireCapableBeanFactory.doCreateBean(AbstractAutowireCapableBeanFactory.java:578) ~[spring-beans-5.0.6.RELEASE.jar:5.0.6.RELEASE]
	at org.springframework.beans.factory.support.AbstractAutowireCapableBeanFactory.createBean(AbstractAutowireCapableBeanFactory.java:501) ~[spring-beans-5.0.6.RELEASE.jar:5.0.6.RELEASE]
	at org.springframework.beans.factory.support.AbstractBeanFactory.lambda$doGetBean$0(AbstractBeanFactory.java:317) ~[spring-beans-5.0.6.RELEASE.jar:5.0.6.RELEASE]
	at org.springframework.beans.factory.support.DefaultSingletonBeanRegistry.getSingleton(DefaultSingletonBeanRegistry.java:228) ~[spring-beans-5.0.6.RELEASE.jar:5.0.6.RELEASE]
	at org.springframework.beans.factory.support.AbstractBeanFactory.doGetBean(AbstractBeanFactory.java:315) ~[spring-beans-5.0.6.RELEASE.jar:5.0.6.RELEASE]
	at org.springframework.beans.factory.support.AbstractBeanFactory.getBean(AbstractBeanFactory.java:199) ~[spring-beans-5.0.6.RELEASE.jar:5.0.6.RELEASE]
	at org.springframework.beans.factory.support.DefaultListableBeanFactory.preInstantiateSingletons(DefaultListableBeanFactory.java:760) ~[spring-beans-5.0.6.RELEASE.jar:5.0.6.RELEASE]
	at org.springframework.context.support.AbstractApplicationContext.finishBeanFactoryInitialization(AbstractApplicationContext.java:869) ~[spring-context-5.0.6.RELEASE.jar:5.0.6.RELEASE]
	at org.springframework.context.support.AbstractApplicationContext.refresh(AbstractApplicationContext.java:550) ~[spring-context-5.0.6.RELEASE.jar:5.0.6.RELEASE]
	at org.springframework.boot.SpringApplication.refresh(SpringApplication.java:759) ~[spring-boot-2.0.2.RELEASE.jar:2.0.2.RELEASE]
	at org.springframework.boot.SpringApplication.refreshContext(SpringApplication.java:395) ~[spring-boot-2.0.2.RELEASE.jar:2.0.2.RELEASE]
	at org.springframework.boot.SpringApplication.run(SpringApplication.java:327) ~[spring-boot-2.0.2.RELEASE.jar:2.0.2.RELEASE]
	at org.springframework.boot.test.context.SpringBootContextLoader.loadContext(SpringBootContextLoader.java:139) [spring-boot-test-2.0.2.RELEASE.jar:2.0.2.RELEASE]
	at org.springframework.test.context.cache.DefaultCacheAwareContextLoaderDelegate.loadContextInternal(DefaultCacheAwareContextLoaderDelegate.java:99) [spring-test-5.0.6.RELEASE.jar:5.0.6.RELEASE]
	at org.springframework.test.context.cache.DefaultCacheAwareContextLoaderDelegate.loadContext(DefaultCacheAwareContextLoaderDelegate.java:117) [spring-test-5.0.6.RELEASE.jar:5.0.6.RELEASE]
	at org.springframework.test.context.support.DefaultTestContext.getApplicationContext(DefaultTestContext.java:108) [spring-test-5.0.6.RELEASE.jar:5.0.6.RELEASE]
	at org.springframework.test.context.web.ServletTestExecutionListener.setUpRequestContextIfNecessary(ServletTestExecutionListener.java:190) [spring-test-5.0.6.RELEASE.jar:5.0.6.RELEASE]
	at org.springframework.test.context.web.ServletTestExecutionListener.prepareTestInstance(ServletTestExecutionListener.java:132) [spring-test-5.0.6.RELEASE.jar:5.0.6.RELEASE]
	at org.springframework.test.context.TestContextManager.prepareTestInstance(TestContextManager.java:246) [spring-test-5.0.6.RELEASE.jar:5.0.6.RELEASE]
	at org.springframework.test.context.junit4.SpringJUnit4ClassRunner.createTest(SpringJUnit4ClassRunner.java:227) [spring-test-5.0.6.RELEASE.jar:5.0.6.RELEASE]
	at org.springframework.test.context.junit4.SpringJUnit4ClassRunner$1.runReflectiveCall(SpringJUnit4ClassRunner.java:289) [spring-test-5.0.6.RELEASE.jar:5.0.6.RELEASE]
	at org.junit.internal.runners.model.ReflectiveCallable.run(ReflectiveCallable.java:12) [junit-4.12.jar:4.12]
	at org.springframework.test.context.junit4.SpringJUnit4ClassRunner.methodBlock(SpringJUnit4ClassRunner.java:291) [spring-test-5.0.6.RELEASE.jar:5.0.6.RELEASE]
	at org.springframework.test.context.junit4.SpringJUnit4ClassRunner.runChild(SpringJUnit4ClassRunner.java:246) [spring-test-5.0.6.RELEASE.jar:5.0.6.RELEASE]
	at org.springframework.test.context.junit4.SpringJUnit4ClassRunner.runChild(SpringJUnit4ClassRunner.java:97) [spring-test-5.0.6.RELEASE.jar:5.0.6.RELEASE]
	at org.junit.runners.ParentRunner$3.run(ParentRunner.java:290) [junit-4.12.jar:4.12]
	at org.junit.runners.ParentRunner$1.schedule(ParentRunner.java:71) [junit-4.12.jar:4.12]
	at org.junit.runners.ParentRunner.runChildren(ParentRunner.java:288) [junit-4.12.jar:4.12]
	at org.junit.runners.ParentRunner.access$000(ParentRunner.java:58) [junit-4.12.jar:4.12]
	at org.junit.runners.ParentRunner$2.evaluate(ParentRunner.java:268) [junit-4.12.jar:4.12]
	at org.springframework.test.context.junit4.statements.RunBeforeTestClassCallbacks.evaluate(RunBeforeTestClassCallbacks.java:61) [spring-test-5.0.6.RELEASE.jar:5.0.6.RELEASE]
	at org.springframework.test.context.junit4.statements.RunAfterTestClassCallbacks.evaluate(RunAfterTestClassCallbacks.java:70) [spring-test-5.0.6.RELEASE.jar:5.0.6.RELEASE]
	at org.junit.runners.ParentRunner.run(ParentRunner.java:363) [junit-4.12.jar:4.12]
	at org.springframework.test.context.junit4.SpringJUnit4ClassRunner.run(SpringJUnit4ClassRunner.java:190) [spring-test-5.0.6.RELEASE.jar:5.0.6.RELEASE]
	at org.apache.maven.surefire.junit4.JUnit4Provider.execute(JUnit4Provider.java:365) [surefire-junit4-2.21.0.jar:2.21.0]
	at org.apache.maven.surefire.junit4.JUnit4Provider.executeWithRerun(JUnit4Provider.java:273) [surefire-junit4-2.21.0.jar:2.21.0]
	at org.apache.maven.surefire.junit4.JUnit4Provider.executeTestSet(JUnit4Provider.java:238) [surefire-junit4-2.21.0.jar:2.21.0]
	at org.apache.maven.surefire.junit4.JUnit4Provider.invoke(JUnit4Provider.java:159) [surefire-junit4-2.21.0.jar:2.21.0]
	at org.apache.maven.surefire.booter.ForkedBooter.invokeProviderInSameClassLoader(ForkedBooter.java:379) [surefire-booter-2.21.0.jar:2.21.0]
	at org.apache.maven.surefire.booter.ForkedBooter.runSuitesInProcess(ForkedBooter.java:340) [surefire-booter-2.21.0.jar:2.21.0]
	at org.apache.maven.surefire.booter.ForkedBooter.execute(ForkedBooter.java:125) [surefire-booter-2.21.0.jar:2.21.0]
	at org.apache.maven.surefire.booter.ForkedBooter.main(ForkedBooter.java:413) [surefire-booter-2.21.0.jar:2.21.0]
Caused by: java.lang.IllegalStateException: @Order on WebSecurityConfigurers must be unique. Order of 100 was already used on net.originmobi.pdv.security.TestSecurityConfig$$EnhancerBySpringCGLIB$$32193eda@1fc0d9b4, so it cannot be used on net.originmobi.pdv.security.SecurityConfig$$EnhancerBySpringCGLIB$$e1f79368@7bbd76b8 too.
	at org.springframework.security.config.annotation.web.configuration.WebSecurityConfiguration.setFilterChainProxySecurityConfigurer(WebSecurityConfiguration.java:148) ~[spring-security-config-5.0.5.RELEASE.jar:5.0.5.RELEASE]
	at sun.reflect.NativeMethodAccessorImpl.invoke0(Native Method) ~[na:1.8.0_202]
	at sun.reflect.NativeMethodAccessorImpl.invoke(NativeMethodAccessorImpl.java:62) ~[na:1.8.0_202]
	at sun.reflect.DelegatingMethodAccessorImpl.invoke(DelegatingMethodAccessorImpl.java:43) ~[na:1.8.0_202]
	at java.lang.reflect.Method.invoke(Method.java:498) ~[na:1.8.0_202]
	at org.springframework.beans.factory.annotation.AutowiredAnnotationBeanPostProcessor$AutowiredMethodElement.inject(AutowiredAnnotationBeanPostProcessor.java:699) ~[spring-beans-5.0.6.RELEASE.jar:5.0.6.RELEASE]
	at org.springframework.beans.factory.annotation.InjectionMetadata.inject(InjectionMetadata.java:91) ~[spring-beans-5.0.6.RELEASE.jar:5.0.6.RELEASE]
	at org.springframework.beans.factory.annotation.AutowiredAnnotationBeanPostProcessor.postProcessPropertyValues(AutowiredAnnotationBeanPostProcessor.java:373) ~[spring-beans-5.0.6.RELEASE.jar:5.0.6.RELEASE]
	... 43 common frames omitted

2023-06-18 17:59:44.159 ERROR 10844 --- [           main] o.s.test.context.TestContextManager      : Caught exception while allowing TestExecutionListener [org.springframework.test.context.web.ServletTestExecutionListener@6e509ffa] to prepare test instance [net.originmobi.pdv.PdvApplicationTests@57b130f6]

java.lang.IllegalStateException: Failed to load ApplicationContext
	at org.springframework.test.context.cache.DefaultCacheAwareContextLoaderDelegate.loadContext(DefaultCacheAwareContextLoaderDelegate.java:125) ~[spring-test-5.0.6.RELEASE.jar:5.0.6.RELEASE]
	at org.springframework.test.context.support.DefaultTestContext.getApplicationContext(DefaultTestContext.java:108) ~[spring-test-5.0.6.RELEASE.jar:5.0.6.RELEASE]
	at org.springframework.test.context.web.ServletTestExecutionListener.setUpRequestContextIfNecessary(ServletTestExecutionListener.java:190) ~[spring-test-5.0.6.RELEASE.jar:5.0.6.RELEASE]
	at org.springframework.test.context.web.ServletTestExecutionListener.prepareTestInstance(ServletTestExecutionListener.java:132) ~[spring-test-5.0.6.RELEASE.jar:5.0.6.RELEASE]
	at org.springframework.test.context.TestContextManager.prepareTestInstance(TestContextManager.java:246) ~[spring-test-5.0.6.RELEASE.jar:5.0.6.RELEASE]
	at org.springframework.test.context.junit4.SpringJUnit4ClassRunner.createTest(SpringJUnit4ClassRunner.java:227) [spring-test-5.0.6.RELEASE.jar:5.0.6.RELEASE]
	at org.springframework.test.context.junit4.SpringJUnit4ClassRunner$1.runReflectiveCall(SpringJUnit4ClassRunner.java:289) [spring-test-5.0.6.RELEASE.jar:5.0.6.RELEASE]
	at org.junit.internal.runners.model.ReflectiveCallable.run(ReflectiveCallable.java:12) [junit-4.12.jar:4.12]
	at org.springframework.test.context.junit4.SpringJUnit4ClassRunner.methodBlock(SpringJUnit4ClassRunner.java:291) [spring-test-5.0.6.RELEASE.jar:5.0.6.RELEASE]
	at org.springframework.test.context.junit4.SpringJUnit4ClassRunner.runChild(SpringJUnit4ClassRunner.java:246) [spring-test-5.0.6.RELEASE.jar:5.0.6.RELEASE]
	at org.springframework.test.context.junit4.SpringJUnit4ClassRunner.runChild(SpringJUnit4ClassRunner.java:97) [spring-test-5.0.6.RELEASE.jar:5.0.6.RELEASE]
	at org.junit.runners.ParentRunner$3.run(ParentRunner.java:290) [junit-4.12.jar:4.12]
	at org.junit.runners.ParentRunner$1.schedule(ParentRunner.java:71) [junit-4.12.jar:4.12]
	at org.junit.runners.ParentRunner.runChildren(ParentRunner.java:288) [junit-4.12.jar:4.12]
	at org.junit.runners.ParentRunner.access$000(ParentRunner.java:58) [junit-4.12.jar:4.12]
	at org.junit.runners.ParentRunner$2.evaluate(ParentRunner.java:268) [junit-4.12.jar:4.12]
	at org.springframework.test.context.junit4.statements.RunBeforeTestClassCallbacks.evaluate(RunBeforeTestClassCallbacks.java:61) [spring-test-5.0.6.RELEASE.jar:5.0.6.RELEASE]
	at org.springframework.test.context.junit4.statements.RunAfterTestClassCallbacks.evaluate(RunAfterTestClassCallbacks.java:70) [spring-test-5.0.6.RELEASE.jar:5.0.6.RELEASE]
	at org.junit.runners.ParentRunner.run(ParentRunner.java:363) [junit-4.12.jar:4.12]
	at org.springframework.test.context.junit4.SpringJUnit4ClassRunner.run(SpringJUnit4ClassRunner.java:190) [spring-test-5.0.6.RELEASE.jar:5.0.6.RELEASE]
	at org.apache.maven.surefire.junit4.JUnit4Provider.execute(JUnit4Provider.java:365) [surefire-junit4-2.21.0.jar:2.21.0]
	at org.apache.maven.surefire.junit4.JUnit4Provider.executeWithRerun(JUnit4Provider.java:273) [surefire-junit4-2.21.0.jar:2.21.0]
	at org.apache.maven.surefire.junit4.JUnit4Provider.executeTestSet(JUnit4Provider.java:238) [surefire-junit4-2.21.0.jar:2.21.0]
	at org.apache.maven.surefire.junit4.JUnit4Provider.invoke(JUnit4Provider.java:159) [surefire-junit4-2.21.0.jar:2.21.0]
	at org.apache.maven.surefire.booter.ForkedBooter.invokeProviderInSameClassLoader(ForkedBooter.java:379) [surefire-booter-2.21.0.jar:2.21.0]
	at org.apache.maven.surefire.booter.ForkedBooter.runSuitesInProcess(ForkedBooter.java:340) [surefire-booter-2.21.0.jar:2.21.0]
	at org.apache.maven.surefire.booter.ForkedBooter.execute(ForkedBooter.java:125) [surefire-booter-2.21.0.jar:2.21.0]
	at org.apache.maven.surefire.booter.ForkedBooter.main(ForkedBooter.java:413) [surefire-booter-2.21.0.jar:2.21.0]
Caused by: org.springframework.beans.factory.BeanCreationException: Error creating bean with name 'org.springframework.security.config.annotation.web.configuration.WebSecurityConfiguration': Injection of autowired dependencies failed; nested exception is java.lang.IllegalStateException: @Order on WebSecurityConfigurers must be unique. Order of 100 was already used on net.originmobi.pdv.security.TestSecurityConfig$$EnhancerBySpringCGLIB$$32193eda@1fc0d9b4, so it cannot be used on net.originmobi.pdv.security.SecurityConfig$$EnhancerBySpringCGLIB$$e1f79368@7bbd76b8 too.
	at org.springframework.beans.factory.annotation.AutowiredAnnotationBeanPostProcessor.postProcessPropertyValues(AutowiredAnnotationBeanPostProcessor.java:379) ~[spring-beans-5.0.6.RELEASE.jar:5.0.6.RELEASE]
	at org.springframework.beans.factory.support.AbstractAutowireCapableBeanFactory.populateBean(AbstractAutowireCapableBeanFactory.java:1348) ~[spring-beans-5.0.6.RELEASE.jar:5.0.6.RELEASE]
	at org.springframework.beans.factory.support.AbstractAutowireCapableBeanFactory.doCreateBean(AbstractAutowireCapableBeanFactory.java:578) ~[spring-beans-5.0.6.RELEASE.jar:5.0.6.RELEASE]
	at org.springframework.beans.factory.support.AbstractAutowireCapableBeanFactory.createBean(AbstractAutowireCapableBeanFactory.java:501) ~[spring-beans-5.0.6.RELEASE.jar:5.0.6.RELEASE]
	at org.springframework.beans.factory.support.AbstractBeanFactory.lambda$doGetBean$0(AbstractBeanFactory.java:317) ~[spring-beans-5.0.6.RELEASE.jar:5.0.6.RELEASE]
	at org.springframework.beans.factory.support.DefaultSingletonBeanRegistry.getSingleton(DefaultSingletonBeanRegistry.java:228) ~[spring-beans-5.0.6.RELEASE.jar:5.0.6.RELEASE]
	at org.springframework.beans.factory.support.AbstractBeanFactory.doGetBean(AbstractBeanFactory.java:315) ~[spring-beans-5.0.6.RELEASE.jar:5.0.6.RELEASE]
	at org.springframework.beans.factory.support.AbstractBeanFactory.getBean(AbstractBeanFactory.java:199) ~[spring-beans-5.0.6.RELEASE.jar:5.0.6.RELEASE]
	at org.springframework.beans.factory.support.DefaultListableBeanFactory.preInstantiateSingletons(DefaultListableBeanFactory.java:760) ~[spring-beans-5.0.6.RELEASE.jar:5.0.6.RELEASE]
	at org.springframework.context.support.AbstractApplicationContext.finishBeanFactoryInitialization(AbstractApplicationContext.java:869) ~[spring-context-5.0.6.RELEASE.jar:5.0.6.RELEASE]
	at org.springframework.context.support.AbstractApplicationContext.refresh(AbstractApplicationContext.java:550) ~[spring-context-5.0.6.RELEASE.jar:5.0.6.RELEASE]
	at org.springframework.boot.SpringApplication.refresh(SpringApplication.java:759) ~[spring-boot-2.0.2.RELEASE.jar:2.0.2.RELEASE]
	at org.springframework.boot.SpringApplication.refreshContext(SpringApplication.java:395) ~[spring-boot-2.0.2.RELEASE.jar:2.0.2.RELEASE]
	at org.springframework.boot.SpringApplication.run(SpringApplication.java:327) ~[spring-boot-2.0.2.RELEASE.jar:2.0.2.RELEASE]
	at org.springframework.boot.test.context.SpringBootContextLoader.loadContext(SpringBootContextLoader.java:139) ~[spring-boot-test-2.0.2.RELEASE.jar:2.0.2.RELEASE]
	at org.springframework.test.context.cache.DefaultCacheAwareContextLoaderDelegate.loadContextInternal(DefaultCacheAwareContextLoaderDelegate.java:99) ~[spring-test-5.0.6.RELEASE.jar:5.0.6.RELEASE]
	at org.springframework.test.context.cache.DefaultCacheAwareContextLoaderDelegate.loadContext(DefaultCacheAwareContextLoaderDelegate.java:117) ~[spring-test-5.0.6.RELEASE.jar:5.0.6.RELEASE]
	... 27 common frames omitted
Caused by: java.lang.IllegalStateException: @Order on WebSecurityConfigurers must be unique. Order of 100 was already used on net.originmobi.pdv.security.TestSecurityConfig$$EnhancerBySpringCGLIB$$32193eda@1fc0d9b4, so it cannot be used on net.originmobi.pdv.security.SecurityConfig$$EnhancerBySpringCGLIB$$e1f79368@7bbd76b8 too.
	at org.springframework.security.config.annotation.web.configuration.WebSecurityConfiguration.setFilterChainProxySecurityConfigurer(WebSecurityConfiguration.java:148) ~[spring-security-config-5.0.5.RELEASE.jar:5.0.5.RELEASE]
	at sun.reflect.NativeMethodAccessorImpl.invoke0(Native Method) ~[na:1.8.0_202]
	at sun.reflect.NativeMethodAccessorImpl.invoke(NativeMethodAccessorImpl.java:62) ~[na:1.8.0_202]
	at sun.reflect.DelegatingMethodAccessorImpl.invoke(DelegatingMethodAccessorImpl.java:43) ~[na:1.8.0_202]
	at java.lang.reflect.Method.invoke(Method.java:498) ~[na:1.8.0_202]
	at org.springframework.beans.factory.annotation.AutowiredAnnotationBeanPostProcessor$AutowiredMethodElement.inject(AutowiredAnnotationBeanPostProcessor.java:699) ~[spring-beans-5.0.6.RELEASE.jar:5.0.6.RELEASE]
	at org.springframework.beans.factory.annotation.InjectionMetadata.inject(InjectionMetadata.java:91) ~[spring-beans-5.0.6.RELEASE.jar:5.0.6.RELEASE]
	at org.springframework.beans.factory.annotation.AutowiredAnnotationBeanPostProcessor.postProcessPropertyValues(AutowiredAnnotationBeanPostProcessor.java:373) ~[spring-beans-5.0.6.RELEASE.jar:5.0.6.RELEASE]
	... 43 common frames omitted

]]></system-out>
  </testcase>
</testsuite>